[0.013s] Invoking command in '/home/saya/Catchrobo2024/ROS2/build/dynamixel_sdk': CMAKE_PREFIX_PATH=${CMAKE_PREFIX_PATH}:/home/saya/Catchrobo2024/ROS2/install/py_package:/home/saya/Catchrobo2024/install/py_package:/opt/ros/humble /usr/bin/cmake /home/saya/Catchrobo2024/ROS2/src/cpp_package/DynamixelSDK/dynamixel_sdk -DCMAKE_INSTALL_PREFIX=/home/saya/Catchrobo2024/ROS2/install/dynamixel_sdk
[0.055s] -- The C compiler identification is GNU 11.4.0
[0.101s] -- The CXX compiler identification is GNU 11.4.0
[0.108s] -- Detecting C compiler ABI info
[0.168s] -- Detecting C compiler ABI info - done
[0.173s] -- Check for working C compiler: /usr/bin/cc - skipped
[0.174s] -- Detecting C compile features
[0.174s] -- Detecting C compile features - done
[0.176s] -- Detecting CXX compiler ABI info
[0.240s] -- Detecting CXX compiler ABI info - done
[0.245s] -- Check for working CXX compiler: /usr/bin/c++ - skipped
[0.245s] -- Detecting CXX compile features
[0.246s] -- Detecting CXX compile features - done
[0.247s] -- Found ament_cmake: 1.3.8 (/opt/ros/humble/share/ament_cmake/cmake)
[0.378s] -- Found Python3: /usr/bin/python3 (found version "3.10.12") found components: Interpreter 
[0.499s] -- Configuring done
[0.501s] -- Generating done
[0.502s] -- Build files have been written to: /home/saya/Catchrobo2024/ROS2/build/dynamixel_sdk
[0.505s] Invoked command in '/home/saya/Catchrobo2024/ROS2/build/dynamixel_sdk' returned '0': CMAKE_PREFIX_PATH=${CMAKE_PREFIX_PATH}:/home/saya/Catchrobo2024/ROS2/install/py_package:/home/saya/Catchrobo2024/install/py_package:/opt/ros/humble /usr/bin/cmake /home/saya/Catchrobo2024/ROS2/src/cpp_package/DynamixelSDK/dynamixel_sdk -DCMAKE_INSTALL_PREFIX=/home/saya/Catchrobo2024/ROS2/install/dynamixel_sdk
[0.507s] Invoking command in '/home/saya/Catchrobo2024/ROS2/build/dynamixel_sdk': CMAKE_PREFIX_PATH=${CMAKE_PREFIX_PATH}:/home/saya/Catchrobo2024/ROS2/install/py_package:/home/saya/Catchrobo2024/install/py_package:/opt/ros/humble /usr/bin/cmake --build /home/saya/Catchrobo2024/ROS2/build/dynamixel_sdk -- -j16 -l16
[0.549s] [ 10%] [32mBuilding CXX object CMakeFiles/dynamixel_sdk.dir/src/dynamixel_sdk/group_bulk_read.cpp.o[0m
[0.551s] [ 40%] [32mBuilding CXX object CMakeFiles/dynamixel_sdk.dir/src/dynamixel_sdk/packet_handler.cpp.o[0m
[0.551s] [ 40%] [32mBuilding CXX object CMakeFiles/dynamixel_sdk.dir/src/dynamixel_sdk/group_sync_write.cpp.o[0m
[0.551s] [ 40%] [32mBuilding CXX object CMakeFiles/dynamixel_sdk.dir/src/dynamixel_sdk/protocol1_packet_handler.cpp.o[0m
[0.551s] [ 50%] [32mBuilding CXX object CMakeFiles/dynamixel_sdk.dir/src/dynamixel_sdk/group_sync_read.cpp.o[0m
[0.551s] [ 60%] [32mBuilding CXX object CMakeFiles/dynamixel_sdk.dir/src/dynamixel_sdk/protocol2_packet_handler.cpp.o[0m
[0.552s] [ 70%] [32mBuilding CXX object CMakeFiles/dynamixel_sdk.dir/src/dynamixel_sdk/port_handler_linux.cpp.o[0m
[0.552s] [ 80%] [32mBuilding CXX object CMakeFiles/dynamixel_sdk.dir/src/dynamixel_sdk/group_bulk_write.cpp.o[0m
[0.553s] [ 90%] [32mBuilding CXX object CMakeFiles/dynamixel_sdk.dir/src/dynamixel_sdk/port_handler.cpp.o[0m
[0.973s] [100%] [32m[1mLinking CXX shared library libdynamixel_sdk.so[0m
[1.042s] [100%] Built target dynamixel_sdk
[1.051s] Invoked command in '/home/saya/Catchrobo2024/ROS2/build/dynamixel_sdk' returned '0': CMAKE_PREFIX_PATH=${CMAKE_PREFIX_PATH}:/home/saya/Catchrobo2024/ROS2/install/py_package:/home/saya/Catchrobo2024/install/py_package:/opt/ros/humble /usr/bin/cmake --build /home/saya/Catchrobo2024/ROS2/build/dynamixel_sdk -- -j16 -l16
[1.098s] Invoking command in '/home/saya/Catchrobo2024/ROS2/build/dynamixel_sdk': CMAKE_PREFIX_PATH=${CMAKE_PREFIX_PATH}:/home/saya/Catchrobo2024/ROS2/install/py_package:/home/saya/Catchrobo2024/install/py_package:/opt/ros/humble /usr/bin/cmake --install /home/saya/Catchrobo2024/ROS2/build/dynamixel_sdk
[1.104s] -- Install configuration: ""
[1.104s] -- Installing: /home/saya/Catchrobo2024/ROS2/install/dynamixel_sdk/include/
[1.104s] -- Installing: /home/saya/Catchrobo2024/ROS2/install/dynamixel_sdk/include//dynamixel_sdk
[1.104s] -- Installing: /home/saya/Catchrobo2024/ROS2/install/dynamixel_sdk/include//dynamixel_sdk/group_sync_read.h
[1.104s] -- Installing: /home/saya/Catchrobo2024/ROS2/install/dynamixel_sdk/include//dynamixel_sdk/group_sync_write.h
[1.104s] -- Installing: /home/saya/Catchrobo2024/ROS2/install/dynamixel_sdk/include//dynamixel_sdk/port_handler_arduino.h
[1.104s] -- Installing: /home/saya/Catchrobo2024/ROS2/install/dynamixel_sdk/include//dynamixel_sdk/port_handler.h
[1.104s] -- Installing: /home/saya/Catchrobo2024/ROS2/install/dynamixel_sdk/include//dynamixel_sdk/port_handler_linux.h
[1.104s] -- Installing: /home/saya/Catchrobo2024/ROS2/install/dynamixel_sdk/include//dynamixel_sdk/port_handler_mac.h
[1.104s] -- Installing: /home/saya/Catchrobo2024/ROS2/install/dynamixel_sdk/include//dynamixel_sdk/group_bulk_write.h
[1.104s] -- Installing: /home/saya/Catchrobo2024/ROS2/install/dynamixel_sdk/include//dynamixel_sdk/protocol2_packet_handler.h
[1.104s] -- Installing: /home/saya/Catchrobo2024/ROS2/install/dynamixel_sdk/include//dynamixel_sdk/protocol1_packet_handler.h
[1.104s] -- Installing: /home/saya/Catchrobo2024/ROS2/install/dynamixel_sdk/include//dynamixel_sdk/dynamixel_sdk.h
[1.104s] -- Installing: /home/saya/Catchrobo2024/ROS2/install/dynamixel_sdk/include//dynamixel_sdk/packet_handler.h
[1.104s] -- Installing: /home/saya/Catchrobo2024/ROS2/install/dynamixel_sdk/include//dynamixel_sdk/port_handler_windows.h
[1.105s] -- Installing: /home/saya/Catchrobo2024/ROS2/install/dynamixel_sdk/include//dynamixel_sdk/group_bulk_read.h
[1.105s] -- Installing: /home/saya/Catchrobo2024/ROS2/install/dynamixel_sdk/lib/libdynamixel_sdk.so
[1.105s] -- Installing: /home/saya/Catchrobo2024/ROS2/install/dynamixel_sdk/share/dynamixel_sdk/environment/library_path.sh
[1.105s] -- Installing: /home/saya/Catchrobo2024/ROS2/install/dynamixel_sdk/share/dynamixel_sdk/environment/library_path.dsv
[1.105s] -- Installing: /home/saya/Catchrobo2024/ROS2/install/dynamixel_sdk/share/ament_index/resource_index/package_run_dependencies/dynamixel_sdk
[1.105s] -- Installing: /home/saya/Catchrobo2024/ROS2/install/dynamixel_sdk/share/ament_index/resource_index/parent_prefix_path/dynamixel_sdk
[1.105s] -- Installing: /home/saya/Catchrobo2024/ROS2/install/dynamixel_sdk/share/dynamixel_sdk/environment/ament_prefix_path.sh
[1.105s] -- Installing: /home/saya/Catchrobo2024/ROS2/install/dynamixel_sdk/share/dynamixel_sdk/environment/ament_prefix_path.dsv
[1.105s] -- Installing: /home/saya/Catchrobo2024/ROS2/install/dynamixel_sdk/share/dynamixel_sdk/environment/path.sh
[1.105s] -- Installing: /home/saya/Catchrobo2024/ROS2/install/dynamixel_sdk/share/dynamixel_sdk/environment/path.dsv
[1.105s] -- Installing: /home/saya/Catchrobo2024/ROS2/install/dynamixel_sdk/share/dynamixel_sdk/local_setup.bash
[1.105s] -- Installing: /home/saya/Catchrobo2024/ROS2/install/dynamixel_sdk/share/dynamixel_sdk/local_setup.sh
[1.105s] -- Installing: /home/saya/Catchrobo2024/ROS2/install/dynamixel_sdk/share/dynamixel_sdk/local_setup.zsh
[1.105s] -- Installing: /home/saya/Catchrobo2024/ROS2/install/dynamixel_sdk/share/dynamixel_sdk/local_setup.dsv
[1.105s] -- Installing: /home/saya/Catchrobo2024/ROS2/install/dynamixel_sdk/share/dynamixel_sdk/package.dsv
[1.105s] -- Installing: /home/saya/Catchrobo2024/ROS2/install/dynamixel_sdk/share/ament_index/resource_index/packages/dynamixel_sdk
[1.105s] -- Installing: /home/saya/Catchrobo2024/ROS2/install/dynamixel_sdk/share/dynamixel_sdk/cmake/ament_cmake_export_include_directories-extras.cmake
[1.106s] -- Installing: /home/saya/Catchrobo2024/ROS2/install/dynamixel_sdk/share/dynamixel_sdk/cmake/ament_cmake_export_libraries-extras.cmake
[1.106s] -- Installing: /home/saya/Catchrobo2024/ROS2/install/dynamixel_sdk/share/dynamixel_sdk/cmake/dynamixel_sdkConfig.cmake
[1.106s] -- Installing: /home/saya/Catchrobo2024/ROS2/install/dynamixel_sdk/share/dynamixel_sdk/cmake/dynamixel_sdkConfig-version.cmake
[1.106s] -- Installing: /home/saya/Catchrobo2024/ROS2/install/dynamixel_sdk/share/dynamixel_sdk/package.xml
[1.107s] Invoked command in '/home/saya/Catchrobo2024/ROS2/build/dynamixel_sdk' returned '0': CMAKE_PREFIX_PATH=${CMAKE_PREFIX_PATH}:/home/saya/Catchrobo2024/ROS2/install/py_package:/home/saya/Catchrobo2024/install/py_package:/opt/ros/humble /usr/bin/cmake --install /home/saya/Catchrobo2024/ROS2/build/dynamixel_sdk
