[0.351s] Invoking command in '/home/saya/Catchrobo2024/ROS2/src/py_package': PYTHONPATH=/home/saya/Catchrobo2024/ROS2/build/py_package/prefix_override:/home/saya/Catchrobo2024/ROS2/install/py_package/lib/python3.10/site-packages:${PYTHONPATH} /usr/bin/python3 -W ignore:setup.py install is deprecated setup.py egg_info --egg-base ../../build/py_package build --build-base /home/saya/Catchrobo2024/ROS2/build/py_package/build install --record /home/saya/Catchrobo2024/ROS2/build/py_package/install.log --single-version-externally-managed install_data
[0.483s] running egg_info
[0.483s] writing ../../build/py_package/py_package.egg-info/PKG-INFO
[0.483s] writing dependency_links to ../../build/py_package/py_package.egg-info/dependency_links.txt
[0.483s] writing entry points to ../../build/py_package/py_package.egg-info/entry_points.txt
[0.483s] writing requirements to ../../build/py_package/py_package.egg-info/requires.txt
[0.483s] writing top-level names to ../../build/py_package/py_package.egg-info/top_level.txt
[0.484s] reading manifest file '../../build/py_package/py_package.egg-info/SOURCES.txt'
[0.485s] writing manifest file '../../build/py_package/py_package.egg-info/SOURCES.txt'
[0.485s] running build
[0.485s] running build_py
[0.485s] copying py_package/sub_controller_node.py -> /home/saya/Catchrobo2024/ROS2/build/py_package/build/lib/py_package
[0.485s] copying py_package/cybergear.py -> /home/saya/Catchrobo2024/ROS2/build/py_package/build/lib/py_package
[0.485s] creating /home/saya/Catchrobo2024/ROS2/build/py_package/build/lib/py_package/lib_cybergear
[0.485s] copying py_package/lib_cybergear/cybergear.py -> /home/saya/Catchrobo2024/ROS2/build/py_package/build/lib/py_package/lib_cybergear
[0.485s] copying py_package/lib_cybergear/__init__.py -> /home/saya/Catchrobo2024/ROS2/build/py_package/build/lib/py_package/lib_cybergear
[0.486s] running install
[0.486s] running install_lib
[0.486s] copying /home/saya/Catchrobo2024/ROS2/build/py_package/build/lib/py_package/sub_controller_node.py -> /home/saya/Catchrobo2024/ROS2/install/py_package/lib/python3.10/site-packages/py_package
[0.486s] creating /home/saya/Catchrobo2024/ROS2/install/py_package/lib/python3.10/site-packages/py_package/lib_cybergear
[0.486s] copying /home/saya/Catchrobo2024/ROS2/build/py_package/build/lib/py_package/lib_cybergear/cybergear.py -> /home/saya/Catchrobo2024/ROS2/install/py_package/lib/python3.10/site-packages/py_package/lib_cybergear
[0.486s] copying /home/saya/Catchrobo2024/ROS2/build/py_package/build/lib/py_package/lib_cybergear/__init__.py -> /home/saya/Catchrobo2024/ROS2/install/py_package/lib/python3.10/site-packages/py_package/lib_cybergear
[0.486s] copying /home/saya/Catchrobo2024/ROS2/build/py_package/build/lib/py_package/cybergear.py -> /home/saya/Catchrobo2024/ROS2/install/py_package/lib/python3.10/site-packages/py_package
[0.486s] byte-compiling /home/saya/Catchrobo2024/ROS2/install/py_package/lib/python3.10/site-packages/py_package/sub_controller_node.py to sub_controller_node.cpython-310.pyc
[0.487s] byte-compiling /home/saya/Catchrobo2024/ROS2/install/py_package/lib/python3.10/site-packages/py_package/lib_cybergear/cybergear.py to cybergear.cpython-310.pyc
[0.489s] byte-compiling /home/saya/Catchrobo2024/ROS2/install/py_package/lib/python3.10/site-packages/py_package/lib_cybergear/__init__.py to __init__.cpython-310.pyc
[0.489s] byte-compiling /home/saya/Catchrobo2024/ROS2/install/py_package/lib/python3.10/site-packages/py_package/cybergear.py to cybergear.cpython-310.pyc
[0.491s] running install_data
[0.491s] running install_egg_info
[0.492s] removing '/home/saya/Catchrobo2024/ROS2/install/py_package/lib/python3.10/site-packages/py_package-0.0.0-py3.10.egg-info' (and everything under it)
[0.492s] Copying ../../build/py_package/py_package.egg-info to /home/saya/Catchrobo2024/ROS2/install/py_package/lib/python3.10/site-packages/py_package-0.0.0-py3.10.egg-info
[0.492s] running install_scripts
[0.505s] Installing sub_controller_node script to /home/saya/Catchrobo2024/ROS2/install/py_package/lib/py_package
[0.506s] writing list of installed files to '/home/saya/Catchrobo2024/ROS2/build/py_package/install.log'
[0.520s] Invoked command in '/home/saya/Catchrobo2024/ROS2/src/py_package' returned '0': PYTHONPATH=/home/saya/Catchrobo2024/ROS2/build/py_package/prefix_override:/home/saya/Catchrobo2024/ROS2/install/py_package/lib/python3.10/site-packages:${PYTHONPATH} /usr/bin/python3 -W ignore:setup.py install is deprecated setup.py egg_info --egg-base ../../build/py_package build --build-base /home/saya/Catchrobo2024/ROS2/build/py_package/build install --record /home/saya/Catchrobo2024/ROS2/build/py_package/install.log --single-version-externally-managed install_data
