running egg_info
writing ../../build/py_package/py_package.egg-info/PKG-INFO
writing dependency_links to ../../build/py_package/py_package.egg-info/dependency_links.txt
writing entry points to ../../build/py_package/py_package.egg-info/entry_points.txt
writing requirements to ../../build/py_package/py_package.egg-info/requires.txt
writing top-level names to ../../build/py_package/py_package.egg-info/top_level.txt
reading manifest file '../../build/py_package/py_package.egg-info/SOURCES.txt'
writing manifest file '../../build/py_package/py_package.egg-info/SOURCES.txt'
running build
running build_py
copying py_package/sub_controller_node.py -> /home/saya/Catchrobo2024/ROS2/build/py_package/build/lib/py_package
running install
running install_lib
copying /home/saya/Catchrobo2024/ROS2/build/py_package/build/lib/py_package/sub_controller_node.py -> /home/saya/Catchrobo2024/ROS2/install/py_package/lib/python3.10/site-packages/py_package
byte-compiling /home/saya/Catchrobo2024/ROS2/install/py_package/lib/python3.10/site-packages/py_package/sub_controller_node.py to sub_controller_node.cpython-310.pyc
running install_data
running install_egg_info
removing '/home/saya/Catchrobo2024/ROS2/install/py_package/lib/python3.10/site-packages/py_package-0.0.0-py3.10.egg-info' (and everything under it)
Copying ../../build/py_package/py_package.egg-info to /home/saya/Catchrobo2024/ROS2/install/py_package/lib/python3.10/site-packages/py_package-0.0.0-py3.10.egg-info
running install_scripts
Installing sub_controller_node script to /home/saya/Catchrobo2024/ROS2/install/py_package/lib/py_package
writing list of installed files to '/home/saya/Catchrobo2024/ROS2/build/py_package/install.log'
