[0.010s] Invoking command in '/home/saya/Catchrobo2024/ROS2/build/dynamixel_sdk_examples': AMENT_PREFIX_PATH=/home/saya/Catchrobo2024/ROS2/install/dynamixel_sdk_custom_interfaces:/home/saya/Catchrobo2024/ROS2/install/dynamixel_sdk:${AMENT_PREFIX_PATH} CMAKE_PREFIX_PATH=/home/saya/Catchrobo2024/ROS2/install/dynamixel_sdk_custom_interfaces:/home/saya/Catchrobo2024/ROS2/install/dynamixel_sdk:/home/saya/ros2_ws/install/polygon_plugins:/home/saya/ros2_ws/install/polygon_base:/home/saya/ros2_ws/install/more_interfaces:/home/saya/ros2_ws/install/cpp_topic_pubsub:/home/saya/ros2_ws/install/cpp_srvcli:/home/saya/ros2_ws/install/cpp_server_client:/home/saya/ros2_ws/install/cpp_pubsub:/home/saya/ros2_ws/install/cpp_parameters:/home/saya/ros2_ws/install/bag_recorder_nodes:/home/saya/ros2_ws/install/action_tutorials_cpp:/opt/ros/humble LD_LIBRARY_PATH=/home/saya/Catchrobo2024/ROS2/install/dynamixel_sdk_custom_interfaces/lib:/home/saya/Catchrobo2024/ROS2/install/dynamixel_sdk/lib:${LD_LIBRARY_PATH} PYTHONPATH=/home/saya/Catchrobo2024/ROS2/install/dynamixel_sdk_custom_interfaces/local/lib/python3.10/dist-packages:${PYTHONPATH} /usr/bin/cmake --build /home/saya/Catchrobo2024/ROS2/build/dynamixel_sdk_examples -- -j16 -l16
[0.046s] [35m[1mConsolidate compiler generated dependencies of target pub_position_node[0m
[0.046s] [35m[1mConsolidate compiler generated dependencies of target pub_velocity_node[0m
[0.057s] [ 25%] Built target read_write_position_node
[0.057s] [ 50%] Built target read_write_velocity_node
[0.060s] [ 62%] [32mBuilding CXX object CMakeFiles/pub_position_node.dir/src/pub_position_node.cpp.o[0m
[0.062s] [ 87%] Built target pub_velocity_node
[1.381s] [01m[K/home/saya/Catchrobo2024/ROS2/src/cpp_package/DynamixelSDK/dynamixel_sdk_examples/src/pub_position_node.cpp:[m[K In constructor ‘[01m[KJointPubNode::JointPubNode()[m[K’:
[1.381s] [01m[K/home/saya/Catchrobo2024/ROS2/src/cpp_package/DynamixelSDK/dynamixel_sdk_examples/src/pub_position_node.cpp:40:9:[m[K [01;35m[Kwarning: [m[Kunused variable ‘[01m[Kbutton_data[m[K’ [[01;35m[K]8;;https://gcc.gnu.org/onlinedocs/gcc/Warning-Options.html#index-Wunused-variable-Wunused-variable]8;;[m[K]
[1.381s]    40 |   float [01;35m[Kbutton_data[m[K = 0;
[1.381s]       |         [01;35m[K^~~~~~~~~~~[m[K
[4.796s] [100%] [32m[1mLinking CXX executable pub_position_node[0m
[5.047s] [100%] Built target pub_position_node
[5.055s] Invoked command in '/home/saya/Catchrobo2024/ROS2/build/dynamixel_sdk_examples' returned '0': AMENT_PREFIX_PATH=/home/saya/Catchrobo2024/ROS2/install/dynamixel_sdk_custom_interfaces:/home/saya/Catchrobo2024/ROS2/install/dynamixel_sdk:${AMENT_PREFIX_PATH} CMAKE_PREFIX_PATH=/home/saya/Catchrobo2024/ROS2/install/dynamixel_sdk_custom_interfaces:/home/saya/Catchrobo2024/ROS2/install/dynamixel_sdk:/home/saya/ros2_ws/install/polygon_plugins:/home/saya/ros2_ws/install/polygon_base:/home/saya/ros2_ws/install/more_interfaces:/home/saya/ros2_ws/install/cpp_topic_pubsub:/home/saya/ros2_ws/install/cpp_srvcli:/home/saya/ros2_ws/install/cpp_server_client:/home/saya/ros2_ws/install/cpp_pubsub:/home/saya/ros2_ws/install/cpp_parameters:/home/saya/ros2_ws/install/bag_recorder_nodes:/home/saya/ros2_ws/install/action_tutorials_cpp:/opt/ros/humble LD_LIBRARY_PATH=/home/saya/Catchrobo2024/ROS2/install/dynamixel_sdk_custom_interfaces/lib:/home/saya/Catchrobo2024/ROS2/install/dynamixel_sdk/lib:${LD_LIBRARY_PATH} PYTHONPATH=/home/saya/Catchrobo2024/ROS2/install/dynamixel_sdk_custom_interfaces/local/lib/python3.10/dist-packages:${PYTHONPATH} /usr/bin/cmake --build /home/saya/Catchrobo2024/ROS2/build/dynamixel_sdk_examples -- -j16 -l16
[5.090s] Invoking command in '/home/saya/Catchrobo2024/ROS2/build/dynamixel_sdk_examples': AMENT_PREFIX_PATH=/home/saya/Catchrobo2024/ROS2/install/dynamixel_sdk_custom_interfaces:/home/saya/Catchrobo2024/ROS2/install/dynamixel_sdk:${AMENT_PREFIX_PATH} CMAKE_PREFIX_PATH=/home/saya/Catchrobo2024/ROS2/install/dynamixel_sdk_custom_interfaces:/home/saya/Catchrobo2024/ROS2/install/dynamixel_sdk:/home/saya/ros2_ws/install/polygon_plugins:/home/saya/ros2_ws/install/polygon_base:/home/saya/ros2_ws/install/more_interfaces:/home/saya/ros2_ws/install/cpp_topic_pubsub:/home/saya/ros2_ws/install/cpp_srvcli:/home/saya/ros2_ws/install/cpp_server_client:/home/saya/ros2_ws/install/cpp_pubsub:/home/saya/ros2_ws/install/cpp_parameters:/home/saya/ros2_ws/install/bag_recorder_nodes:/home/saya/ros2_ws/install/action_tutorials_cpp:/opt/ros/humble LD_LIBRARY_PATH=/home/saya/Catchrobo2024/ROS2/install/dynamixel_sdk_custom_interfaces/lib:/home/saya/Catchrobo2024/ROS2/install/dynamixel_sdk/lib:${LD_LIBRARY_PATH} PYTHONPATH=/home/saya/Catchrobo2024/ROS2/install/dynamixel_sdk_custom_interfaces/local/lib/python3.10/dist-packages:${PYTHONPATH} /usr/bin/cmake --install /home/saya/Catchrobo2024/ROS2/build/dynamixel_sdk_examples
[5.098s] -- Install configuration: ""
[5.098s] -- Up-to-date: /home/saya/Catchrobo2024/ROS2/install/dynamixel_sdk_examples/lib/dynamixel_sdk_examples/read_write_velocity_node
[5.098s] -- Up-to-date: /home/saya/Catchrobo2024/ROS2/install/dynamixel_sdk_examples/lib/dynamixel_sdk_examples/pub_velocity_node
[5.098s] -- Up-to-date: /home/saya/Catchrobo2024/ROS2/install/dynamixel_sdk_examples/lib/dynamixel_sdk_examples/read_write_position_node
[5.098s] -- Installing: /home/saya/Catchrobo2024/ROS2/install/dynamixel_sdk_examples/lib/dynamixel_sdk_examples/pub_position_node
[5.100s] -- Set runtime path of "/home/saya/Catchrobo2024/ROS2/install/dynamixel_sdk_examples/lib/dynamixel_sdk_examples/pub_position_node" to ""
[5.100s] -- Up-to-date: /home/saya/Catchrobo2024/ROS2/install/dynamixel_sdk_examples/share/ament_index/resource_index/package_run_dependencies/dynamixel_sdk_examples
[5.100s] -- Up-to-date: /home/saya/Catchrobo2024/ROS2/install/dynamixel_sdk_examples/share/ament_index/resource_index/parent_prefix_path/dynamixel_sdk_examples
[5.100s] -- Up-to-date: /home/saya/Catchrobo2024/ROS2/install/dynamixel_sdk_examples/share/dynamixel_sdk_examples/environment/ament_prefix_path.sh
[5.100s] -- Up-to-date: /home/saya/Catchrobo2024/ROS2/install/dynamixel_sdk_examples/share/dynamixel_sdk_examples/environment/ament_prefix_path.dsv
[5.100s] -- Up-to-date: /home/saya/Catchrobo2024/ROS2/install/dynamixel_sdk_examples/share/dynamixel_sdk_examples/environment/path.sh
[5.100s] -- Up-to-date: /home/saya/Catchrobo2024/ROS2/install/dynamixel_sdk_examples/share/dynamixel_sdk_examples/environment/path.dsv
[5.100s] -- Up-to-date: /home/saya/Catchrobo2024/ROS2/install/dynamixel_sdk_examples/share/dynamixel_sdk_examples/local_setup.bash
[5.100s] -- Up-to-date: /home/saya/Catchrobo2024/ROS2/install/dynamixel_sdk_examples/share/dynamixel_sdk_examples/local_setup.sh
[5.101s] -- Up-to-date: /home/saya/Catchrobo2024/ROS2/install/dynamixel_sdk_examples/share/dynamixel_sdk_examples/local_setup.zsh
[5.101s] -- Up-to-date: /home/saya/Catchrobo2024/ROS2/install/dynamixel_sdk_examples/share/dynamixel_sdk_examples/local_setup.dsv
[5.101s] -- Installing: /home/saya/Catchrobo2024/ROS2/install/dynamixel_sdk_examples/share/dynamixel_sdk_examples/package.dsv
[5.101s] -- Up-to-date: /home/saya/Catchrobo2024/ROS2/install/dynamixel_sdk_examples/share/ament_index/resource_index/packages/dynamixel_sdk_examples
[5.101s] -- Up-to-date: /home/saya/Catchrobo2024/ROS2/install/dynamixel_sdk_examples/share/dynamixel_sdk_examples/cmake/dynamixel_sdk_examplesConfig.cmake
[5.101s] -- Up-to-date: /home/saya/Catchrobo2024/ROS2/install/dynamixel_sdk_examples/share/dynamixel_sdk_examples/cmake/dynamixel_sdk_examplesConfig-version.cmake
[5.101s] -- Up-to-date: /home/saya/Catchrobo2024/ROS2/install/dynamixel_sdk_examples/share/dynamixel_sdk_examples/package.xml
[5.102s] Invoked command in '/home/saya/Catchrobo2024/ROS2/build/dynamixel_sdk_examples' returned '0': AMENT_PREFIX_PATH=/home/saya/Catchrobo2024/ROS2/install/dynamixel_sdk_custom_interfaces:/home/saya/Catchrobo2024/ROS2/install/dynamixel_sdk:${AMENT_PREFIX_PATH} CMAKE_PREFIX_PATH=/home/saya/Catchrobo2024/ROS2/install/dynamixel_sdk_custom_interfaces:/home/saya/Catchrobo2024/ROS2/install/dynamixel_sdk:/home/saya/ros2_ws/install/polygon_plugins:/home/saya/ros2_ws/install/polygon_base:/home/saya/ros2_ws/install/more_interfaces:/home/saya/ros2_ws/install/cpp_topic_pubsub:/home/saya/ros2_ws/install/cpp_srvcli:/home/saya/ros2_ws/install/cpp_server_client:/home/saya/ros2_ws/install/cpp_pubsub:/home/saya/ros2_ws/install/cpp_parameters:/home/saya/ros2_ws/install/bag_recorder_nodes:/home/saya/ros2_ws/install/action_tutorials_cpp:/opt/ros/humble LD_LIBRARY_PATH=/home/saya/Catchrobo2024/ROS2/install/dynamixel_sdk_custom_interfaces/lib:/home/saya/Catchrobo2024/ROS2/install/dynamixel_sdk/lib:${LD_LIBRARY_PATH} PYTHONPATH=/home/saya/Catchrobo2024/ROS2/install/dynamixel_sdk_custom_interfaces/local/lib/python3.10/dist-packages:${PYTHONPATH} /usr/bin/cmake --install /home/saya/Catchrobo2024/ROS2/build/dynamixel_sdk_examples
