[0.403s] Invoking command in '/home/saya/Catchrobo2024/ROS2/src/py_package': PYTHONPATH=/home/saya/Catchrobo2024/ROS2/build/py_package/prefix_override:/home/saya/Catchrobo2024/ROS2/install/py_package/lib/python3.10/site-packages:${PYTHONPATH} /usr/bin/python3 -W ignore:setup.py install is deprecated setup.py egg_info --egg-base ../../build/py_package build --build-base /home/saya/Catchrobo2024/ROS2/build/py_package/build install --record /home/saya/Catchrobo2024/ROS2/build/py_package/install.log --single-version-externally-managed install_data
[0.542s] running egg_info
[0.543s] writing ../../build/py_package/py_package.egg-info/PKG-INFO
[0.543s] writing dependency_links to ../../build/py_package/py_package.egg-info/dependency_links.txt
[0.543s] writing entry points to ../../build/py_package/py_package.egg-info/entry_points.txt
[0.543s] writing requirements to ../../build/py_package/py_package.egg-info/requires.txt
[0.543s] writing top-level names to ../../build/py_package/py_package.egg-info/top_level.txt
[0.544s] reading manifest file '../../build/py_package/py_package.egg-info/SOURCES.txt'
[0.544s] writing manifest file '../../build/py_package/py_package.egg-info/SOURCES.txt'
[0.545s] running build
[0.545s] running build_py
[0.545s] copying py_package/controller_node.py -> /home/saya/Catchrobo2024/ROS2/build/py_package/build/lib/py_package
[0.546s] running install
[0.546s] running install_lib
[0.546s] copying /home/saya/Catchrobo2024/ROS2/build/py_package/build/lib/py_package/controller_node.py -> /home/saya/Catchrobo2024/ROS2/install/py_package/lib/python3.10/site-packages/py_package
[0.547s] byte-compiling /home/saya/Catchrobo2024/ROS2/install/py_package/lib/python3.10/site-packages/py_package/controller_node.py to controller_node.cpython-310.pyc
[0.547s] running install_data
[0.547s] running install_egg_info
[0.548s] removing '/home/saya/Catchrobo2024/ROS2/install/py_package/lib/python3.10/site-packages/py_package-0.0.0-py3.10.egg-info' (and everything under it)
[0.549s] Copying ../../build/py_package/py_package.egg-info to /home/saya/Catchrobo2024/ROS2/install/py_package/lib/python3.10/site-packages/py_package-0.0.0-py3.10.egg-info
[0.549s] running install_scripts
[0.563s] Installing controller_node script to /home/saya/Catchrobo2024/ROS2/install/py_package/lib/py_package
[0.563s] writing list of installed files to '/home/saya/Catchrobo2024/ROS2/build/py_package/install.log'
[0.579s] Invoked command in '/home/saya/Catchrobo2024/ROS2/src/py_package' returned '0': PYTHONPATH=/home/saya/Catchrobo2024/ROS2/build/py_package/prefix_override:/home/saya/Catchrobo2024/ROS2/install/py_package/lib/python3.10/site-packages:${PYTHONPATH} /usr/bin/python3 -W ignore:setup.py install is deprecated setup.py egg_info --egg-base ../../build/py_package build --build-base /home/saya/Catchrobo2024/ROS2/build/py_package/build install --record /home/saya/Catchrobo2024/ROS2/build/py_package/install.log --single-version-externally-managed install_data
