[0.408s] Invoking command in '/home/saya/Catchrobo2024/ROS2/src/py_package': PYTHONPATH=/home/saya/Catchrobo2024/ROS2/build/py_package/prefix_override:/home/saya/Catchrobo2024/ROS2/install/py_package/lib/python3.10/site-packages:${PYTHONPATH} /usr/bin/python3 -W ignore:setup.py install is deprecated setup.py egg_info --egg-base ../../build/py_package build --build-base /home/saya/Catchrobo2024/ROS2/build/py_package/build install --record /home/saya/Catchrobo2024/ROS2/build/py_package/install.log --single-version-externally-managed install_data
[0.565s] running egg_info
[0.565s] creating ../../build/py_package/py_package.egg-info
[0.566s] writing ../../build/py_package/py_package.egg-info/PKG-INFO
[0.566s] writing dependency_links to ../../build/py_package/py_package.egg-info/dependency_links.txt
[0.566s] writing entry points to ../../build/py_package/py_package.egg-info/entry_points.txt
[0.567s] writing requirements to ../../build/py_package/py_package.egg-info/requires.txt
[0.567s] writing top-level names to ../../build/py_package/py_package.egg-info/top_level.txt
[0.567s] writing manifest file '../../build/py_package/py_package.egg-info/SOURCES.txt'
[0.569s] reading manifest file '../../build/py_package/py_package.egg-info/SOURCES.txt'
[0.570s] writing manifest file '../../build/py_package/py_package.egg-info/SOURCES.txt'
[0.570s] running build
[0.570s] running build_py
[0.570s] creating /home/saya/Catchrobo2024/ROS2/build/py_package/build
[0.570s] creating /home/saya/Catchrobo2024/ROS2/build/py_package/build/lib
[0.570s] creating /home/saya/Catchrobo2024/ROS2/build/py_package/build/lib/py_package
[0.570s] copying py_package/controller_node.py -> /home/saya/Catchrobo2024/ROS2/build/py_package/build/lib/py_package
[0.571s] copying py_package/cybergear.py -> /home/saya/Catchrobo2024/ROS2/build/py_package/build/lib/py_package
[0.571s] copying py_package/__init__.py -> /home/saya/Catchrobo2024/ROS2/build/py_package/build/lib/py_package
[0.571s] running install
[0.571s] running install_lib
[0.572s] creating /home/saya/Catchrobo2024/ROS2/install/py_package/lib/python3.10/site-packages/py_package
[0.572s] copying /home/saya/Catchrobo2024/ROS2/build/py_package/build/lib/py_package/controller_node.py -> /home/saya/Catchrobo2024/ROS2/install/py_package/lib/python3.10/site-packages/py_package
[0.573s] copying /home/saya/Catchrobo2024/ROS2/build/py_package/build/lib/py_package/cybergear.py -> /home/saya/Catchrobo2024/ROS2/install/py_package/lib/python3.10/site-packages/py_package
[0.573s] copying /home/saya/Catchrobo2024/ROS2/build/py_package/build/lib/py_package/__init__.py -> /home/saya/Catchrobo2024/ROS2/install/py_package/lib/python3.10/site-packages/py_package
[0.573s] byte-compiling /home/saya/Catchrobo2024/ROS2/install/py_package/lib/python3.10/site-packages/py_package/controller_node.py to controller_node.cpython-310.pyc
[0.574s] byte-compiling /home/saya/Catchrobo2024/ROS2/install/py_package/lib/python3.10/site-packages/py_package/cybergear.py to cybergear.cpython-310.pyc
[0.579s] byte-compiling /home/saya/Catchrobo2024/ROS2/install/py_package/lib/python3.10/site-packages/py_package/__init__.py to __init__.cpython-310.pyc
[0.579s] running install_data
[0.579s] creating /home/saya/Catchrobo2024/ROS2/install/py_package/share/ament_index
[0.579s] creating /home/saya/Catchrobo2024/ROS2/install/py_package/share/ament_index/resource_index
[0.579s] creating /home/saya/Catchrobo2024/ROS2/install/py_package/share/ament_index/resource_index/packages
[0.579s] copying resource/py_package -> /home/saya/Catchrobo2024/ROS2/install/py_package/share/ament_index/resource_index/packages
[0.579s] copying package.xml -> /home/saya/Catchrobo2024/ROS2/install/py_package/share/py_package
[0.579s] running install_egg_info
[0.582s] Copying ../../build/py_package/py_package.egg-info to /home/saya/Catchrobo2024/ROS2/install/py_package/lib/python3.10/site-packages/py_package-0.0.0-py3.10.egg-info
[0.583s] running install_scripts
[0.608s] Installing controller_node script to /home/saya/Catchrobo2024/ROS2/install/py_package/lib/py_package
[0.608s] writing list of installed files to '/home/saya/Catchrobo2024/ROS2/build/py_package/install.log'
[0.643s] Invoked command in '/home/saya/Catchrobo2024/ROS2/src/py_package' returned '0': PYTHONPATH=/home/saya/Catchrobo2024/ROS2/build/py_package/prefix_override:/home/saya/Catchrobo2024/ROS2/install/py_package/lib/python3.10/site-packages:${PYTHONPATH} /usr/bin/python3 -W ignore:setup.py install is deprecated setup.py egg_info --egg-base ../../build/py_package build --build-base /home/saya/Catchrobo2024/ROS2/build/py_package/build install --record /home/saya/Catchrobo2024/ROS2/build/py_package/install.log --single-version-externally-managed install_data
