[0.553s] Invoking command in '/home/saya/Catchrobo2024/ROS2/src/py_package': PYTHONPATH=/home/saya/Catchrobo2024/ROS2/build/py_package/prefix_override:/home/saya/Catchrobo2024/ROS2/install/py_package/lib/python3.10/site-packages:${PYTHONPATH} /usr/bin/python3 -W ignore:setup.py install is deprecated setup.py egg_info --egg-base ../../build/py_package build --build-base /home/saya/Catchrobo2024/ROS2/build/py_package/build install --record /home/saya/Catchrobo2024/ROS2/build/py_package/install.log --single-version-externally-managed install_data
[0.685s] running egg_info
[0.685s] creating ../../build/py_package/py_package.egg-info
[0.685s] writing ../../build/py_package/py_package.egg-info/PKG-INFO
[0.685s] writing dependency_links to ../../build/py_package/py_package.egg-info/dependency_links.txt
[0.685s] writing entry points to ../../build/py_package/py_package.egg-info/entry_points.txt
[0.685s] writing requirements to ../../build/py_package/py_package.egg-info/requires.txt
[0.685s] writing top-level names to ../../build/py_package/py_package.egg-info/top_level.txt
[0.685s] writing manifest file '../../build/py_package/py_package.egg-info/SOURCES.txt'
[0.686s] reading manifest file '../../build/py_package/py_package.egg-info/SOURCES.txt'
[0.687s] writing manifest file '../../build/py_package/py_package.egg-info/SOURCES.txt'
[0.687s] running build
[0.687s] running build_py
[0.687s] creating /home/saya/Catchrobo2024/ROS2/build/py_package/build
[0.687s] creating /home/saya/Catchrobo2024/ROS2/build/py_package/build/lib
[0.687s] creating /home/saya/Catchrobo2024/ROS2/build/py_package/build/lib/py_package
[0.687s] copying py_package/sub_controller_node.py -> /home/saya/Catchrobo2024/ROS2/build/py_package/build/lib/py_package
[0.687s] copying py_package/__init__.py -> /home/saya/Catchrobo2024/ROS2/build/py_package/build/lib/py_package
[0.687s] running install
[0.687s] running install_lib
[0.688s] creating /home/saya/Catchrobo2024/ROS2/install/py_package/lib/python3.10/site-packages/py_package
[0.688s] copying /home/saya/Catchrobo2024/ROS2/build/py_package/build/lib/py_package/sub_controller_node.py -> /home/saya/Catchrobo2024/ROS2/install/py_package/lib/python3.10/site-packages/py_package
[0.688s] copying /home/saya/Catchrobo2024/ROS2/build/py_package/build/lib/py_package/__init__.py -> /home/saya/Catchrobo2024/ROS2/install/py_package/lib/python3.10/site-packages/py_package
[0.688s] byte-compiling /home/saya/Catchrobo2024/ROS2/install/py_package/lib/python3.10/site-packages/py_package/sub_controller_node.py to sub_controller_node.cpython-310.pyc
[0.688s] byte-compiling /home/saya/Catchrobo2024/ROS2/install/py_package/lib/python3.10/site-packages/py_package/__init__.py to __init__.cpython-310.pyc
[0.688s] running install_data
[0.688s] creating /home/saya/Catchrobo2024/ROS2/install/py_package/share/ament_index
[0.688s] creating /home/saya/Catchrobo2024/ROS2/install/py_package/share/ament_index/resource_index
[0.688s] creating /home/saya/Catchrobo2024/ROS2/install/py_package/share/ament_index/resource_index/packages
[0.688s] copying resource/py_package -> /home/saya/Catchrobo2024/ROS2/install/py_package/share/ament_index/resource_index/packages
[0.688s] copying package.xml -> /home/saya/Catchrobo2024/ROS2/install/py_package/share/py_package
[0.688s] running install_egg_info
[0.689s] Copying ../../build/py_package/py_package.egg-info to /home/saya/Catchrobo2024/ROS2/install/py_package/lib/python3.10/site-packages/py_package-0.0.0-py3.10.egg-info
[0.690s] running install_scripts
[0.702s] Installing sub_controller_node script to /home/saya/Catchrobo2024/ROS2/install/py_package/lib/py_package
[0.702s] writing list of installed files to '/home/saya/Catchrobo2024/ROS2/build/py_package/install.log'
[0.716s] Invoked command in '/home/saya/Catchrobo2024/ROS2/src/py_package' returned '0': PYTHONPATH=/home/saya/Catchrobo2024/ROS2/build/py_package/prefix_override:/home/saya/Catchrobo2024/ROS2/install/py_package/lib/python3.10/site-packages:${PYTHONPATH} /usr/bin/python3 -W ignore:setup.py install is deprecated setup.py egg_info --egg-base ../../build/py_package build --build-base /home/saya/Catchrobo2024/ROS2/build/py_package/build install --record /home/saya/Catchrobo2024/ROS2/build/py_package/install.log --single-version-externally-managed install_data
