[35m[1mConsolidate compiler generated dependencies of target pub_position_node[0m
[ 25%] Built target read_write_velocity_node
[ 50%] Built target read_write_position_node
[ 62%] [32mBuilding CXX object CMakeFiles/pub_velocity_node.dir/src/pub_velocity_node.cpp.o[0m
[ 75%] [32mBuilding CXX object CMakeFiles/pub_position_node.dir/src/pub_position_node.cpp.o[0m
[ 87%] [32m[1mLinking CXX executable pub_velocity_node[0m
[ 87%] Built target pub_velocity_node
[100%] [32m[1mLinking CXX executable pub_position_node[0m
[100%] Built target pub_position_node
-- Install configuration: ""
-- Up-to-date: /home/saya/Catchrobo2024/ROS2/install/dynamixel_sdk_examples/lib/dynamixel_sdk_examples/read_write_velocity_node
-- Installing: /home/saya/Catchrobo2024/ROS2/install/dynamixel_sdk_examples/lib/dynamixel_sdk_examples/pub_velocity_node
-- Set runtime path of "/home/saya/Catchrobo2024/ROS2/install/dynamixel_sdk_examples/lib/dynamixel_sdk_examples/pub_velocity_node" to ""
-- Up-to-date: /home/saya/Catchrobo2024/ROS2/install/dynamixel_sdk_examples/lib/dynamixel_sdk_examples/read_write_position_node
-- Installing: /home/saya/Catchrobo2024/ROS2/install/dynamixel_sdk_examples/lib/dynamixel_sdk_examples/pub_position_node
-- Set runtime path of "/home/saya/Catchrobo2024/ROS2/install/dynamixel_sdk_examples/lib/dynamixel_sdk_examples/pub_position_node" to ""
-- Up-to-date: /home/saya/Catchrobo2024/ROS2/install/dynamixel_sdk_examples/share/ament_index/resource_index/package_run_dependencies/dynamixel_sdk_examples
-- Up-to-date: /home/saya/Catchrobo2024/ROS2/install/dynamixel_sdk_examples/share/ament_index/resource_index/parent_prefix_path/dynamixel_sdk_examples
-- Up-to-date: /home/saya/Catchrobo2024/ROS2/install/dynamixel_sdk_examples/share/dynamixel_sdk_examples/environment/ament_prefix_path.sh
-- Up-to-date: /home/saya/Catchrobo2024/ROS2/install/dynamixel_sdk_examples/share/dynamixel_sdk_examples/environment/ament_prefix_path.dsv
-- Up-to-date: /home/saya/Catchrobo2024/ROS2/install/dynamixel_sdk_examples/share/dynamixel_sdk_examples/environment/path.sh
-- Up-to-date: /home/saya/Catchrobo2024/ROS2/install/dynamixel_sdk_examples/share/dynamixel_sdk_examples/environment/path.dsv
-- Up-to-date: /home/saya/Catchrobo2024/ROS2/install/dynamixel_sdk_examples/share/dynamixel_sdk_examples/local_setup.bash
-- Up-to-date: /home/saya/Catchrobo2024/ROS2/install/dynamixel_sdk_examples/share/dynamixel_sdk_examples/local_setup.sh
-- Up-to-date: /home/saya/Catchrobo2024/ROS2/install/dynamixel_sdk_examples/share/dynamixel_sdk_examples/local_setup.zsh
-- Up-to-date: /home/saya/Catchrobo2024/ROS2/install/dynamixel_sdk_examples/share/dynamixel_sdk_examples/local_setup.dsv
-- Installing: /home/saya/Catchrobo2024/ROS2/install/dynamixel_sdk_examples/share/dynamixel_sdk_examples/package.dsv
-- Up-to-date: /home/saya/Catchrobo2024/ROS2/install/dynamixel_sdk_examples/share/ament_index/resource_index/packages/dynamixel_sdk_examples
-- Up-to-date: /home/saya/Catchrobo2024/ROS2/install/dynamixel_sdk_examples/share/dynamixel_sdk_examples/cmake/dynamixel_sdk_examplesConfig.cmake
-- Up-to-date: /home/saya/Catchrobo2024/ROS2/install/dynamixel_sdk_examples/share/dynamixel_sdk_examples/cmake/dynamixel_sdk_examplesConfig-version.cmake
-- Up-to-date: /home/saya/Catchrobo2024/ROS2/install/dynamixel_sdk_examples/share/dynamixel_sdk_examples/package.xml
