[0.010s] Invoking command in '/home/saya/Catchrobo2024/ROS2/build/dynamixel_sdk_examples': AMENT_PREFIX_PATH=/home/saya/Catchrobo2024/ROS2/install/dynamixel_sdk_custom_interfaces:/home/saya/Catchrobo2024/ROS2/install/dynamixel_sdk:${AMENT_PREFIX_PATH} CMAKE_PREFIX_PATH=/home/saya/Catchrobo2024/ROS2/install/dynamixel_sdk_custom_interfaces:/home/saya/Catchrobo2024/ROS2/install/dynamixel_sdk:/home/saya/ros2_ws/install/polygon_plugins:/home/saya/ros2_ws/install/polygon_base:/home/saya/ros2_ws/install/more_interfaces:/home/saya/ros2_ws/install/cpp_topic_pubsub:/home/saya/ros2_ws/install/cpp_srvcli:/home/saya/ros2_ws/install/cpp_server_client:/home/saya/ros2_ws/install/cpp_pubsub:/home/saya/ros2_ws/install/cpp_parameters:/home/saya/ros2_ws/install/bag_recorder_nodes:/home/saya/ros2_ws/install/action_tutorials_cpp:/opt/ros/humble LD_LIBRARY_PATH=/home/saya/Catchrobo2024/ROS2/install/dynamixel_sdk_custom_interfaces/lib:/home/saya/Catchrobo2024/ROS2/install/dynamixel_sdk/lib:${LD_LIBRARY_PATH} PYTHONPATH=/home/saya/Catchrobo2024/ROS2/install/dynamixel_sdk_custom_interfaces/local/lib/python3.10/dist-packages:${PYTHONPATH} /usr/bin/cmake --build /home/saya/Catchrobo2024/ROS2/build/dynamixel_sdk_examples -- -j16 -l16
[0.050s] [35m[1mConsolidate compiler generated dependencies of target pub_position_node[0m
[0.059s] [ 25%] Built target read_write_velocity_node
[0.061s] [ 50%] Built target pub_velocity_node
[0.061s] [ 75%] Built target read_write_position_node
[0.066s] [ 87%] [32mBuilding CXX object CMakeFiles/pub_position_node.dir/src/pub_position_node.cpp.o[0m
[1.318s] [01m[K/home/saya/Catchrobo2024/ROS2/src/cpp_package/DynamixelSDK/dynamixel_sdk_examples/src/pub_position_node.cpp:[m[K In constructor ‘[01m[KJointPubNode::JointPubNode()[m[K’:
[1.318s] [01m[K/home/saya/Catchrobo2024/ROS2/src/cpp_package/DynamixelSDK/dynamixel_sdk_examples/src/pub_position_node.cpp:40:9:[m[K [01;35m[Kwarning: [m[Kunused variable ‘[01m[Kbutton_data[m[K’ [[01;35m[K]8;;https://gcc.gnu.org/onlinedocs/gcc/Warning-Options.html#index-Wunused-variable-Wunused-variable]8;;[m[K]
[1.318s]    40 |   float [01;35m[Kbutton_data[m[K = 0;
[1.318s]       |         [01;35m[K^~~~~~~~~~~[m[K
[1.324s] [01m[K/home/saya/Catchrobo2024/ROS2/src/cpp_package/DynamixelSDK/dynamixel_sdk_examples/src/pub_position_node.cpp:[m[K In member function ‘[01m[Kvoid JointPubNode::joyCallback(sensor_msgs::msg::Joy_<std::allocator<void> >::SharedPtr)[m[K’:
[1.324s] [01m[K/home/saya/Catchrobo2024/ROS2/src/cpp_package/DynamixelSDK/dynamixel_sdk_examples/src/pub_position_node.cpp:54:3:[m[K [01;31m[Kerror: [m[K‘[01m[Kbutton_data[m[K’ was not declared in this scope
[1.324s]    54 |   [01;31m[Kbutton_data[m[K = msg->axes[0];
[1.324s]       |   [01;31m[K^~~~~~~~~~~[m[K
[1.328s] [01m[K/home/saya/Catchrobo2024/ROS2/src/cpp_package/DynamixelSDK/dynamixel_sdk_examples/src/pub_position_node.cpp:[m[K In member function ‘[01m[Kvoid JointPubNode::publishData()[m[K’:
[1.328s] [01m[K/home/saya/Catchrobo2024/ROS2/src/cpp_package/DynamixelSDK/dynamixel_sdk_examples/src/pub_position_node.cpp:67:6:[m[K [01;31m[Kerror: [m[K‘[01m[Kbutton_data[m[K’ was not declared in this scope
[1.328s]    67 |   if([01;31m[Kbutton_data[m[K = 1.0){
[1.328s]       |      [01;31m[K^~~~~~~~~~~[m[K
[2.682s] gmake[2]: *** [CMakeFiles/pub_position_node.dir/build.make:76: CMakeFiles/pub_position_node.dir/src/pub_position_node.cpp.o] Error 1
[2.682s] gmake[1]: *** [CMakeFiles/Makefile2:221: CMakeFiles/pub_position_node.dir/all] Error 2
[2.683s] gmake: *** [Makefile:146: all] Error 2
[2.685s] Invoked command in '/home/saya/Catchrobo2024/ROS2/build/dynamixel_sdk_examples' returned '2': AMENT_PREFIX_PATH=/home/saya/Catchrobo2024/ROS2/install/dynamixel_sdk_custom_interfaces:/home/saya/Catchrobo2024/ROS2/install/dynamixel_sdk:${AMENT_PREFIX_PATH} CMAKE_PREFIX_PATH=/home/saya/Catchrobo2024/ROS2/install/dynamixel_sdk_custom_interfaces:/home/saya/Catchrobo2024/ROS2/install/dynamixel_sdk:/home/saya/ros2_ws/install/polygon_plugins:/home/saya/ros2_ws/install/polygon_base:/home/saya/ros2_ws/install/more_interfaces:/home/saya/ros2_ws/install/cpp_topic_pubsub:/home/saya/ros2_ws/install/cpp_srvcli:/home/saya/ros2_ws/install/cpp_server_client:/home/saya/ros2_ws/install/cpp_pubsub:/home/saya/ros2_ws/install/cpp_parameters:/home/saya/ros2_ws/install/bag_recorder_nodes:/home/saya/ros2_ws/install/action_tutorials_cpp:/opt/ros/humble LD_LIBRARY_PATH=/home/saya/Catchrobo2024/ROS2/install/dynamixel_sdk_custom_interfaces/lib:/home/saya/Catchrobo2024/ROS2/install/dynamixel_sdk/lib:${LD_LIBRARY_PATH} PYTHONPATH=/home/saya/Catchrobo2024/ROS2/install/dynamixel_sdk_custom_interfaces/local/lib/python3.10/dist-packages:${PYTHONPATH} /usr/bin/cmake --build /home/saya/Catchrobo2024/ROS2/build/dynamixel_sdk_examples -- -j16 -l16
