[0.511s] Invoking command in '/home/saya/Catchrobo2024/ROS2/src/py_package': PYTHONPATH=/home/saya/Catchrobo2024/ROS2/build/py_package/prefix_override:/home/saya/Catchrobo2024/ROS2/install/py_package/lib/python3.10/site-packages:${PYTHONPATH} /usr/bin/python3 -W ignore:setup.py install is deprecated setup.py egg_info --egg-base ../../build/py_package build --build-base /home/saya/Catchrobo2024/ROS2/build/py_package/build install --record /home/saya/Catchrobo2024/ROS2/build/py_package/install.log --single-version-externally-managed install_data
[0.653s] running egg_info
[0.654s] writing ../../build/py_package/py_package.egg-info/PKG-INFO
[0.654s] writing dependency_links to ../../build/py_package/py_package.egg-info/dependency_links.txt
[0.654s] writing entry points to ../../build/py_package/py_package.egg-info/entry_points.txt
[0.655s] writing requirements to ../../build/py_package/py_package.egg-info/requires.txt
[0.655s] writing top-level names to ../../build/py_package/py_package.egg-info/top_level.txt
[0.656s] reading manifest file '../../build/py_package/py_package.egg-info/SOURCES.txt'
[0.656s] writing manifest file '../../build/py_package/py_package.egg-info/SOURCES.txt'
[0.657s] running build
[0.657s] running build_py
[0.657s] copying py_package/sub_controller_node.py -> /home/saya/Catchrobo2024/ROS2/build/py_package/build/lib/py_package
[0.658s] copying py_package/cybergear.py -> /home/saya/Catchrobo2024/ROS2/build/py_package/build/lib/py_package
[0.658s] running install
[0.658s] running install_lib
[0.659s] copying /home/saya/Catchrobo2024/ROS2/build/py_package/build/lib/py_package/sub_controller_node.py -> /home/saya/Catchrobo2024/ROS2/install/py_package/lib/python3.10/site-packages/py_package
[0.659s] copying /home/saya/Catchrobo2024/ROS2/build/py_package/build/lib/py_package/cybergear.py -> /home/saya/Catchrobo2024/ROS2/install/py_package/lib/python3.10/site-packages/py_package
[0.660s] byte-compiling /home/saya/Catchrobo2024/ROS2/install/py_package/lib/python3.10/site-packages/py_package/sub_controller_node.py to sub_controller_node.cpython-310.pyc
[0.660s] byte-compiling /home/saya/Catchrobo2024/ROS2/install/py_package/lib/python3.10/site-packages/py_package/cybergear.py to cybergear.cpython-310.pyc
[0.660s] running install_data
[0.661s] running install_egg_info
[0.663s] removing '/home/saya/Catchrobo2024/ROS2/install/py_package/lib/python3.10/site-packages/py_package-0.0.0-py3.10.egg-info' (and everything under it)
[0.663s] Copying ../../build/py_package/py_package.egg-info to /home/saya/Catchrobo2024/ROS2/install/py_package/lib/python3.10/site-packages/py_package-0.0.0-py3.10.egg-info
[0.664s] running install_scripts
[0.679s] Installing sub_controller_node script to /home/saya/Catchrobo2024/ROS2/install/py_package/lib/py_package
[0.680s] writing list of installed files to '/home/saya/Catchrobo2024/ROS2/build/py_package/install.log'
[0.696s] Invoked command in '/home/saya/Catchrobo2024/ROS2/src/py_package' returned '0': PYTHONPATH=/home/saya/Catchrobo2024/ROS2/build/py_package/prefix_override:/home/saya/Catchrobo2024/ROS2/install/py_package/lib/python3.10/site-packages:${PYTHONPATH} /usr/bin/python3 -W ignore:setup.py install is deprecated setup.py egg_info --egg-base ../../build/py_package build --build-base /home/saya/Catchrobo2024/ROS2/build/py_package/build install --record /home/saya/Catchrobo2024/ROS2/build/py_package/install.log --single-version-externally-managed install_data
