In file included from [01m[K/home/saya/Catchrobo2024/ROS2/src/cpp_package/DynamixelSDK/dynamixel_sdk_examples/src/pub_velocity_node.cpp:19[m[K:
[01m[K/home/saya/Catchrobo2024/ROS2/src/cpp_package/DynamixelSDK/dynamixel_sdk_examples/include/pub_dynamixel_data_node.hpp:35:26:[m[K [01;31m[Kerror: [m[K‘[01m[Ksensor_msgs[m[K’ does not name a type
   35 |   void joyCallback(const [01;31m[Ksensor_msgs[m[K::msg::Joy::SharedPtr msg);
      |                          [01;31m[K^~~~~~~~~~~[m[K
[01m[K/home/saya/Catchrobo2024/ROS2/src/cpp_package/DynamixelSDK/dynamixel_sdk_examples/include/pub_dynamixel_data_node.hpp:35:42:[m[K [01;31m[Kerror: [m[Kexpected unqualified-id before ‘[01m[K::[m[K’ token
   35 |   void joyCallback(const sensor_msgs::msg[01;31m[K::[m[KJoy::SharedPtr msg);
      |                                          [01;31m[K^~[m[K
[01m[K/home/saya/Catchrobo2024/ROS2/src/cpp_package/DynamixelSDK/dynamixel_sdk_examples/include/pub_dynamixel_data_node.hpp:35:42:[m[K [01;31m[Kerror: [m[Kexpected ‘[01m[K)[m[K’ before ‘[01m[K::[m[K’ token
   35 |   void joyCallback[34m[K([m[Kconst sensor_msgs::msg[01;31m[K:[m[K[32m[K:[m[KJoy::SharedPtr msg);
      |                   [34m[K~[m[K                      [01;31m[K^[m[K[32m[K~[m[K
      |                                          [32m[K)[m[K
[01m[K/home/saya/Catchrobo2024/ROS2/src/cpp_package/DynamixelSDK/dynamixel_sdk_examples/include/pub_dynamixel_data_node.hpp:35:39:[m[K [01;31m[Kerror: [m[Kexpected ‘[01m[K;[m[K’ at end of member declaration
   35 |   void joyCallback(const sensor_msgs::[01;31m[Kmsg[m[K::Joy::SharedPtr msg);
      |                                       [01;31m[K^~~[m[K
      |                                          [32m[K;[m[K
[01m[K/home/saya/Catchrobo2024/ROS2/src/cpp_package/DynamixelSDK/dynamixel_sdk_examples/include/pub_dynamixel_data_node.hpp:35:44:[m[K [01;31m[Kerror: [m[K‘[01m[KJoy[m[K’ in namespace ‘[01m[K::[m[K’ does not name a type
   35 |   void joyCallback(const sensor_msgs::msg::[01;31m[KJoy[m[K::SharedPtr msg);
      |                                            [01;31m[K^~~[m[K
[01m[K/home/saya/Catchrobo2024/ROS2/src/cpp_package/DynamixelSDK/dynamixel_sdk_examples/include/pub_dynamixel_data_node.hpp:37:24:[m[K [01;31m[Kerror: [m[K‘[01m[Ksensor_msgs[m[K’ was not declared in this scope
   37 |   rclcpp::Subscription<[01;31m[Ksensor_msgs[m[K::msg::Joy>::SharedPtr joy_subscriber_;
      |                        [01;31m[K^~~~~~~~~~~[m[K
[01m[K/home/saya/Catchrobo2024/ROS2/src/cpp_package/DynamixelSDK/dynamixel_sdk_examples/include/pub_dynamixel_data_node.hpp:37:45:[m[K [01;31m[Kerror: [m[Ktemplate argument 1 is invalid
   37 |   rclcpp::Subscription<sensor_msgs::msg::Joy[01;31m[K>[m[K::SharedPtr joy_subscriber_;
      |                                             [01;31m[K^[m[K
[01m[K/home/saya/Catchrobo2024/ROS2/src/cpp_package/DynamixelSDK/dynamixel_sdk_examples/include/pub_dynamixel_data_node.hpp:37:45:[m[K [01;31m[Kerror: [m[Ktemplate argument 3 is invalid
[01m[K/home/saya/Catchrobo2024/ROS2/src/cpp_package/DynamixelSDK/dynamixel_sdk_examples/include/pub_dynamixel_data_node.hpp:37:45:[m[K [01;31m[Kerror: [m[Ktemplate argument 4 is invalid
[01m[K/home/saya/Catchrobo2024/ROS2/src/cpp_package/DynamixelSDK/dynamixel_sdk_examples/include/pub_dynamixel_data_node.hpp:37:45:[m[K [01;31m[Kerror: [m[Ktemplate argument 5 is invalid
[01m[K/home/saya/Catchrobo2024/ROS2/src/cpp_package/DynamixelSDK/dynamixel_sdk_examples/include/pub_dynamixel_data_node.hpp:37:48:[m[K [01;31m[Kerror: [m[Kexpected ‘[01m[K;[m[K’ at end of member declaration
   37 |   rclcpp::Subscription<sensor_msgs::msg::Joy>::[01;31m[KSharedPtr[m[K joy_subscriber_;
      |                                                [01;31m[K^~~~~~~~~[m[K
      |                                                         [32m[K;[m[K
[01m[K/home/saya/Catchrobo2024/ROS2/src/cpp_package/DynamixelSDK/dynamixel_sdk_examples/include/pub_dynamixel_data_node.hpp:37:58:[m[K [01;31m[Kerror: [m[K‘[01m[Kjoy_subscriber_[m[K’ does not name a type
   37 |   rclcpp::Subscription<sensor_msgs::msg::Joy>::SharedPtr [01;31m[Kjoy_subscriber_[m[K;
      |                                                          [01;31m[K^~~~~~~~~~~~~~~[m[K
In file included from [01m[K/home/saya/Catchrobo2024/ROS2/src/cpp_package/DynamixelSDK/dynamixel_sdk_examples/src/pub_position_node.cpp:19[m[K:
[01m[K/home/saya/Catchrobo2024/ROS2/src/cpp_package/DynamixelSDK/dynamixel_sdk_examples/include/pub_dynamixel_data_node.hpp:35:26:[m[K [01;31m[Kerror: [m[K‘[01m[Ksensor_msgs[m[K’ does not name a type
   35 |   void joyCallback(const [01;31m[Ksensor_msgs[m[K::msg::Joy::SharedPtr msg);
      |                          [01;31m[K^~~~~~~~~~~[m[K
[01m[K/home/saya/Catchrobo2024/ROS2/src/cpp_package/DynamixelSDK/dynamixel_sdk_examples/include/pub_dynamixel_data_node.hpp:35:42:[m[K [01;31m[Kerror: [m[Kexpected unqualified-id before ‘[01m[K::[m[K’ token
   35 |   void joyCallback(const sensor_msgs::msg[01;31m[K::[m[KJoy::SharedPtr msg);
      |                                          [01;31m[K^~[m[K
[01m[K/home/saya/Catchrobo2024/ROS2/src/cpp_package/DynamixelSDK/dynamixel_sdk_examples/include/pub_dynamixel_data_node.hpp:35:42:[m[K [01;31m[Kerror: [m[Kexpected ‘[01m[K)[m[K’ before ‘[01m[K::[m[K’ token
   35 |   void joyCallback[34m[K([m[Kconst sensor_msgs::msg[01;31m[K:[m[K[32m[K:[m[KJoy::SharedPtr msg);
      |                   [34m[K~[m[K                      [01;31m[K^[m[K[32m[K~[m[K
      |                                          [32m[K)[m[K
[01m[K/home/saya/Catchrobo2024/ROS2/src/cpp_package/DynamixelSDK/dynamixel_sdk_examples/include/pub_dynamixel_data_node.hpp:35:39:[m[K [01;31m[Kerror: [m[Kexpected ‘[01m[K;[m[K’ at end of member declaration
   35 |   void joyCallback(const sensor_msgs::[01;31m[Kmsg[m[K::Joy::SharedPtr msg);
      |                                       [01;31m[K^~~[m[K
      |                                          [32m[K;[m[K
[01m[K/home/saya/Catchrobo2024/ROS2/src/cpp_package/DynamixelSDK/dynamixel_sdk_examples/include/pub_dynamixel_data_node.hpp:35:44:[m[K [01;31m[Kerror: [m[K‘[01m[KJoy[m[K’ in namespace ‘[01m[K::[m[K’ does not name a type
   35 |   void joyCallback(const sensor_msgs::msg::[01;31m[KJoy[m[K::SharedPtr msg);
      |                                            [01;31m[K^~~[m[K
[01m[K/home/saya/Catchrobo2024/ROS2/src/cpp_package/DynamixelSDK/dynamixel_sdk_examples/include/pub_dynamixel_data_node.hpp:37:24:[m[K [01;31m[Kerror: [m[K‘[01m[Ksensor_msgs[m[K’ was not declared in this scope
   37 |   rclcpp::Subscription<[01;31m[Ksensor_msgs[m[K::msg::Joy>::SharedPtr joy_subscriber_;
      |                        [01;31m[K^~~~~~~~~~~[m[K
[01m[K/home/saya/Catchrobo2024/ROS2/src/cpp_package/DynamixelSDK/dynamixel_sdk_examples/include/pub_dynamixel_data_node.hpp:37:45:[m[K [01;31m[Kerror: [m[Ktemplate argument 1 is invalid
   37 |   rclcpp::Subscription<sensor_msgs::msg::Joy[01;31m[K>[m[K::SharedPtr joy_subscriber_;
      |                                             [01;31m[K^[m[K
[01m[K/home/saya/Catchrobo2024/ROS2/src/cpp_package/DynamixelSDK/dynamixel_sdk_examples/include/pub_dynamixel_data_node.hpp:37:45:[m[K [01;31m[Kerror: [m[Ktemplate argument 3 is invalid
[01m[K/home/saya/Catchrobo2024/ROS2/src/cpp_package/DynamixelSDK/dynamixel_sdk_examples/include/pub_dynamixel_data_node.hpp:37:45:[m[K [01;31m[Kerror: [m[Ktemplate argument 4 is invalid
[01m[K/home/saya/Catchrobo2024/ROS2/src/cpp_package/DynamixelSDK/dynamixel_sdk_examples/include/pub_dynamixel_data_node.hpp:37:45:[m[K [01;31m[Kerror: [m[Ktemplate argument 5 is invalid
[01m[K/home/saya/Catchrobo2024/ROS2/src/cpp_package/DynamixelSDK/dynamixel_sdk_examples/include/pub_dynamixel_data_node.hpp:37:48:[m[K [01;31m[Kerror: [m[Kexpected ‘[01m[K;[m[K’ at end of member declaration
   37 |   rclcpp::Subscription<sensor_msgs::msg::Joy>::[01;31m[KSharedPtr[m[K joy_subscriber_;
      |                                                [01;31m[K^~~~~~~~~[m[K
      |                                                         [32m[K;[m[K
[01m[K/home/saya/Catchrobo2024/ROS2/src/cpp_package/DynamixelSDK/dynamixel_sdk_examples/include/pub_dynamixel_data_node.hpp:37:58:[m[K [01;31m[Kerror: [m[K‘[01m[Kjoy_subscriber_[m[K’ does not name a type
   37 |   rclcpp::Subscription<sensor_msgs::msg::Joy>::SharedPtr [01;31m[Kjoy_subscriber_[m[K;
      |                                                          [01;31m[K^~~~~~~~~~~~~~~[m[K
[01m[K/home/saya/Catchrobo2024/ROS2/src/cpp_package/DynamixelSDK/dynamixel_sdk_examples/src/pub_position_node.cpp:[m[K In constructor ‘[01m[KJointPubNode::JointPubNode()[m[K’:
[01m[K/home/saya/Catchrobo2024/ROS2/src/cpp_package/DynamixelSDK/dynamixel_sdk_examples/src/pub_position_node.cpp:35:3:[m[K [01;31m[Kerror: [m[K‘[01m[Kjoy_subscriber_[m[K’ was not declared in this scope; did you mean ‘[01m[Kcount_subscribers[m[K’?
   35 |   [01;31m[Kjoy_subscriber_[m[K = create_subscription<sensor_msgs::msg::Joy>(
      |   [01;31m[K^~~~~~~~~~~~~~~[m[K
      |   [32m[Kcount_subscribers[m[K
[01m[K/home/saya/Catchrobo2024/ROS2/src/cpp_package/DynamixelSDK/dynamixel_sdk_examples/src/pub_position_node.cpp:[m[K At global scope:
[01m[K/home/saya/Catchrobo2024/ROS2/src/cpp_package/DynamixelSDK/dynamixel_sdk_examples/src/pub_position_node.cpp:44:6:[m[K [01;31m[Kerror: [m[Kno declaration matches ‘[01m[Kvoid JointPubNode::joyCallback(sensor_msgs::msg::Joy_<std::allocator<void> >::SharedPtr)[m[K’
   44 | void [01;31m[KJointPubNode[m[K::joyCallback(const sensor_msgs::msg::Joy::SharedPtr msg)
      |      [01;31m[K^~~~~~~~~~~~[m[K
In file included from [01m[K/home/saya/Catchrobo2024/ROS2/src/cpp_package/DynamixelSDK/dynamixel_sdk_examples/src/pub_position_node.cpp:19[m[K:
[01m[K/home/saya/Catchrobo2024/ROS2/src/cpp_package/DynamixelSDK/dynamixel_sdk_examples/include/pub_dynamixel_data_node.hpp:35:8:[m[K [01;36m[Knote: [m[Kcandidate is: ‘[01m[Kvoid JointPubNode::joyCallback(...)[m[K’
   35 |   void [01;36m[KjoyCallback[m[K(const sensor_msgs::msg::Joy::SharedPtr msg);
      |        [01;36m[K^~~~~~~~~~~[m[K
[01m[K/home/saya/Catchrobo2024/ROS2/src/cpp_package/DynamixelSDK/dynamixel_sdk_examples/include/pub_dynamixel_data_node.hpp:26:7:[m[K [01;36m[Knote: [m[K‘[01m[Kclass JointPubNode[m[K’ defined here
   26 | class [01;36m[KJointPubNode[m[K : public rclcpp::Node
      |       [01;36m[K^~~~~~~~~~~~[m[K
In file included from [01m[K/opt/ros/humble/include/rclcpp/rclcpp/client.hpp:39[m[K,
                 from [01m[K/opt/ros/humble/include/rclcpp/rclcpp/callback_group.hpp:24[m[K,
                 from [01m[K/opt/ros/humble/include/rclcpp/rclcpp/any_executable.hpp:20[m[K,
                 from [01m[K/opt/ros/humble/include/rclcpp/rclcpp/memory_strategy.hpp:25[m[K,
                 from [01m[K/opt/ros/humble/include/rclcpp/rclcpp/memory_strategies.hpp:18[m[K,
                 from [01m[K/opt/ros/humble/include/rclcpp/rclcpp/executor_options.hpp:20[m[K,
                 from [01m[K/opt/ros/humble/include/rclcpp/rclcpp/executor.hpp:37[m[K,
                 from [01m[K/opt/ros/humble/include/rclcpp/rclcpp/executors/multi_threaded_executor.hpp:25[m[K,
                 from [01m[K/opt/ros/humble/include/rclcpp/rclcpp/executors.hpp:21[m[K,
                 from [01m[K/opt/ros/humble/include/rclcpp/rclcpp/rclcpp.hpp:155[m[K,
                 from [01m[K/home/saya/Catchrobo2024/ROS2/src/cpp_package/DynamixelSDK/dynamixel_sdk_examples/src/pub_position_node.cpp:18[m[K:
/opt/ros/humble/include/rclcpp/rclcpp/function_traits.hpp: In instantiation of ‘[01m[Kstruct rclcpp::function_traits::function_traits<std::_Bind<void (JointPubNode::*(JointPubNode*, std::_Placeholder<1>))(...)> >[m[K’:
[01m[K/opt/ros/humble/include/rclcpp/rclcpp/any_subscription_callback.hpp:380:10:[m[K   recursively required by substitution of ‘[01m[Ktemplate<class MessageT, class CallbackT> struct rclcpp::detail::SubscriptionCallbackTypeHelper<MessageT, CallbackT, typename std::enable_if<rclcpp::function_traits::same_arguments<CallbackT, std::function<void(std::shared_ptr<_Tp>, const rclcpp::MessageInfo&)> >::value, void>::type> [with MessageT = sensor_msgs::msg::Joy_<std::allocator<void> >; CallbackT = std::_Bind<void (JointPubNode::*(JointPubNode*, std::_Placeholder<1>))(...)>][m[K’
[01m[K/opt/ros/humble/include/rclcpp/rclcpp/any_subscription_callback.hpp:380:10:[m[K   required from ‘[01m[Krclcpp::AnySubscriptionCallback<MessageT, AllocatorT> rclcpp::AnySubscriptionCallback<MessageT, AllocatorT>::set(CallbackT) [with CallbackT = std::_Bind<void (JointPubNode::*(JointPubNode*, std::_Placeholder<1>))(...)>; MessageT = sensor_msgs::msg::Joy_<std::allocator<void> >; AllocatorT = std::allocator<void>][m[K’
[01m[K/opt/ros/humble/include/rclcpp/rclcpp/subscription_factory.hpp:94:32:[m[K   required from ‘[01m[Krclcpp::SubscriptionFactory rclcpp::create_subscription_factory(CallbackT&&, const rclcpp::SubscriptionOptionsWithAllocator<AllocatorT>&, typename MessageMemoryStrategyT::SharedPtr, std::shared_ptr<rclcpp::topic_statistics::SubscriptionTopicStatistics<ROSMessageType> >) [with MessageT = sensor_msgs::msg::Joy_<std::allocator<void> >; CallbackT = std::_Bind<void (JointPubNode::*(JointPubNode*, std::_Placeholder<1>))(...)>; AllocatorT = std::allocator<void>; SubscriptionT = rclcpp::Subscription<sensor_msgs::msg::Joy_<std::allocator<void> >, std::allocator<void>, sensor_msgs::msg::Joy_<std::allocator<void> >, sensor_msgs::msg::Joy_<std::allocator<void> >, rclcpp::message_memory_strategy::MessageMemoryStrategy<sensor_msgs::msg::Joy_<std::allocator<void> >, std::allocator<void> > >; MessageMemoryStrategyT = rclcpp::message_memory_strategy::MessageMemoryStrategy<sensor_msgs::msg::Joy_<std::allocator<void> >, std::allocator<void> >; ROSMessageType = sensor_msgs::msg::Joy_<std::allocator<void> >; typename MessageMemoryStrategyT::SharedPtr = std::shared_ptr<rclcpp::message_memory_strategy::MessageMemoryStrategy<sensor_msgs::msg::Joy_<std::allocator<void> >, std::allocator<void> > >][m[K’
[01m[K/opt/ros/humble/include/rclcpp/rclcpp/create_subscription.hpp:122:63:[m[K   required from ‘[01m[Kstd::shared_ptr<ROSMessageT> rclcpp::detail::create_subscription(NodeParametersT&, NodeTopicsT&, const string&, const rclcpp::QoS&, CallbackT&&, const rclcpp::SubscriptionOptionsWithAllocator<AllocatorT>&, typename MessageMemoryStrategyT::SharedPtr) [with MessageT = sensor_msgs::msg::Joy_<std::allocator<void> >; CallbackT = std::_Bind<void (JointPubNode::*(JointPubNode*, std::_Placeholder<1>))(...)>; AllocatorT = std::allocator<void>; SubscriptionT = rclcpp::Subscription<sensor_msgs::msg::Joy_<std::allocator<void> >, std::allocator<void>, sensor_msgs::msg::Joy_<std::allocator<void> >, sensor_msgs::msg::Joy_<std::allocator<void> >, rclcpp::message_memory_strategy::MessageMemoryStrategy<sensor_msgs::msg::Joy_<std::allocator<void> >, std::allocator<void> > >; MessageMemoryStrategyT = rclcpp::message_memory_strategy::MessageMemoryStrategy<sensor_msgs::msg::Joy_<std::allocator<void> >, std::allocator<void> >; NodeParametersT = rclcpp::Node; NodeTopicsT = rclcpp::Node; ROSMessageType = sensor_msgs::msg::Joy_<std::allocator<void> >; std::string = std::__cxx11::basic_string<char>; typename MessageMemoryStrategyT::SharedPtr = std::shared_ptr<rclcpp::message_memory_strategy::MessageMemoryStrategy<sensor_msgs::msg::Joy_<std::allocator<void> >, std::allocator<void> > >][m[K’
[01m[K/opt/ros/humble/include/rclcpp/rclcpp/create_subscription.hpp:191:76:[m[K   required from ‘[01m[Kstd::shared_ptr<ROSMessageT> rclcpp::create_subscription(NodeT&, const string&, const rclcpp::QoS&, CallbackT&&, const rclcpp::SubscriptionOptionsWithAllocator<AllocatorT>&, typename MessageMemoryStrategyT::SharedPtr) [with MessageT = sensor_msgs::msg::Joy_<std::allocator<void> >; CallbackT = std::_Bind<void (JointPubNode::*(JointPubNode*, std::_Placeholder<1>))(...)>; AllocatorT = std::allocator<void>; SubscriptionT = rclcpp::Subscription<sensor_msgs::msg::Joy_<std::allocator<void> >, std::allocator<void>, sensor_msgs::msg::Joy_<std::allocator<void> >, sensor_msgs::msg::Joy_<std::allocator<void> >, rclcpp::message_memory_strategy::MessageMemoryStrategy<sensor_msgs::msg::Joy_<std::allocator<void> >, std::allocator<void> > >; MessageMemoryStrategyT = rclcpp::message_memory_strategy::MessageMemoryStrategy<sensor_msgs::msg::Joy_<std::allocator<void> >, std::allocator<void> >; NodeT = rclcpp::Node; std::string = std::__cxx11::basic_string<char>; typename MessageMemoryStrategyT::SharedPtr = std::shared_ptr<rclcpp::message_memory_strategy::MessageMemoryStrategy<sensor_msgs::msg::Joy_<std::allocator<void> >, std::allocator<void> > >][m[K’
[01m[K/opt/ros/humble/include/rclcpp/rclcpp/node_impl.hpp:99:47:[m[K   required from ‘[01m[Kstd::shared_ptr<ROSMessageT> rclcpp::Node::create_subscription(const string&, const rclcpp::QoS&, CallbackT&&, const rclcpp::SubscriptionOptionsWithAllocator<AllocatorT>&, typename MessageMemoryStrategyT::SharedPtr) [with MessageT = sensor_msgs::msg::Joy_<std::allocator<void> >; CallbackT = std::_Bind<void (JointPubNode::*(JointPubNode*, std::_Placeholder<1>))(...)>; AllocatorT = std::allocator<void>; SubscriptionT = rclcpp::Subscription<sensor_msgs::msg::Joy_<std::allocator<void> >, std::allocator<void>, sensor_msgs::msg::Joy_<std::allocator<void> >, sensor_msgs::msg::Joy_<std::allocator<void> >, rclcpp::message_memory_strategy::MessageMemoryStrategy<sensor_msgs::msg::Joy_<std::allocator<void> >, std::allocator<void> > >; MessageMemoryStrategyT = rclcpp::message_memory_strategy::MessageMemoryStrategy<sensor_msgs::msg::Joy_<std::allocator<void> >, std::allocator<void> >; std::string = std::__cxx11::basic_string<char>; typename MessageMemoryStrategyT::SharedPtr = std::shared_ptr<rclcpp::message_memory_strategy::MessageMemoryStrategy<sensor_msgs::msg::Joy_<std::allocator<void> >, std::allocator<void> > >][m[K’
[01m[K/home/saya/Catchrobo2024/ROS2/src/cpp_package/DynamixelSDK/dynamixel_sdk_examples/src/pub_position_node.cpp:35:63:[m[K   required from here
[01m[K/opt/ros/humble/include/rclcpp/rclcpp/function_traits.hpp:51:9:[m[K [01;31m[Kerror: [m[K‘[01m[Kdecltype[m[K’ cannot resolve address of overloaded function
   51 |   using [01;31m[Karguments[m[K = typename tuple_tail<
      |         [01;31m[K^~~~~~~~~[m[K
[01m[K/opt/ros/humble/include/rclcpp/rclcpp/function_traits.hpp:57:9:[m[K [01;31m[Kerror: [m[K‘[01m[Kdecltype[m[K’ cannot resolve address of overloaded function
   57 |   using [01;31m[Kargument_type[m[K = typename std::tuple_element<N, arguments>::type;
      |         [01;31m[K^~~~~~~~~~~~~[m[K
[01m[K/opt/ros/humble/include/rclcpp/rclcpp/function_traits.hpp:59:9:[m[K [01;31m[Kerror: [m[K‘[01m[Kdecltype[m[K’ cannot resolve address of overloaded function
   59 |   using [01;31m[Kreturn_type[m[K = typename function_traits<decltype( &FunctionT::operator())>::return_type;
      |         [01;31m[K^~~~~~~~~~~[m[K
gmake[2]: *** [CMakeFiles/pub_velocity_node.dir/build.make:76: CMakeFiles/pub_velocity_node.dir/src/pub_velocity_node.cpp.o] Error 1
gmake[1]: *** [CMakeFiles/Makefile2:169: CMakeFiles/pub_velocity_node.dir/all] Error 2
gmake[1]: *** Waiting for unfinished jobs....
gmake[2]: *** [CMakeFiles/pub_position_node.dir/build.make:76: CMakeFiles/pub_position_node.dir/src/pub_position_node.cpp.o] Error 1
gmake[1]: *** [CMakeFiles/Makefile2:221: CMakeFiles/pub_position_node.dir/all] Error 2
gmake: *** [Makefile:146: all] Error 2
