[0.133s] DEBUG:colcon:Command line arguments: ['/usr/bin/colcon', 'build']
[0.134s] DEBUG:colcon:Parsed command line arguments: Namespace(log_base=None, log_level=None, verb_name='build', build_base='build', install_base='install', merge_install=False, symlink_install=False, test_result_base=None, continue_on_error=False, executor='parallel', parallel_workers=16, event_handlers=None, ignore_user_meta=False, metas=['./colcon.meta'], base_paths=['.'], packages_ignore=None, packages_ignore_regex=None, paths=None, packages_up_to=None, packages_up_to_regex=None, packages_above=None, packages_above_and_dependencies=None, packages_above_depth=None, packages_select_by_dep=None, packages_skip_by_dep=None, packages_skip_up_to=None, packages_select_build_failed=False, packages_skip_build_finished=False, packages_select_test_failures=False, packages_skip_test_passed=False, packages_select=None, packages_skip=None, packages_select_regex=None, packages_skip_regex=None, packages_start=None, packages_end=None, allow_overriding=[], cmake_args=None, cmake_target=None, cmake_target_skip_unavailable=False, cmake_clean_cache=False, cmake_clean_first=False, cmake_force_configure=False, ament_cmake_args=None, catkin_cmake_args=None, catkin_skip_building_tests=False, verb_parser=<colcon_defaults.argument_parser.defaults.DefaultArgumentsDecorator object at 0x78807d230670>, verb_extension=<colcon_core.verb.build.BuildVerb object at 0x78807d329210>, main=<bound method BuildVerb.main of <colcon_core.verb.build.BuildVerb object at 0x78807d329210>>)
[0.343s] Level 1:colcon.colcon_core.package_discovery:discover_packages(colcon_meta) check parameters
[0.343s] Level 1:colcon.colcon_core.package_discovery:discover_packages(recursive) check parameters
[0.343s] Level 1:colcon.colcon_core.package_discovery:discover_packages(ignore) check parameters
[0.343s] Level 1:colcon.colcon_core.package_discovery:discover_packages(path) check parameters
[0.343s] Level 1:colcon.colcon_core.package_discovery:discover_packages(colcon_meta) discover
[0.343s] Level 1:colcon.colcon_core.package_discovery:discover_packages(recursive) discover
[0.343s] INFO:colcon.colcon_core.package_discovery:Crawling recursively for packages in '/home/saya/Catchrobo2024/ROS2'
[0.343s] Level 1:colcon.colcon_core.package_identification:_identify(.) by extensions ['ignore', 'ignore_ament_install']
[0.343s] Level 1:colcon.colcon_core.package_identification:_identify(.) by extension 'ignore'
[0.343s] Level 1:colcon.colcon_core.package_identification:_identify(.) by extension 'ignore_ament_install'
[0.343s] Level 1:colcon.colcon_core.package_identification:_identify(.) by extensions ['colcon_pkg']
[0.343s] Level 1:colcon.colcon_core.package_identification:_identify(.) by extension 'colcon_pkg'
[0.343s] Level 1:colcon.colcon_core.package_identification:_identify(.) by extensions ['colcon_meta']
[0.343s] Level 1:colcon.colcon_core.package_identification:_identify(.) by extension 'colcon_meta'
[0.343s] Level 1:colcon.colcon_core.package_identification:_identify(.) by extensions ['ros']
[0.343s] Level 1:colcon.colcon_core.package_identification:_identify(.) by extension 'ros'
[0.354s] Level 1:colcon.colcon_core.package_identification:_identify(.) by extensions ['cmake', 'python']
[0.354s] Level 1:colcon.colcon_core.package_identification:_identify(.) by extension 'cmake'
[0.354s] Level 1:colcon.colcon_core.package_identification:_identify(.) by extension 'python'
[0.355s] Level 1:colcon.colcon_core.package_identification:_identify(.) by extensions ['python_setup_py']
[0.355s] Level 1:colcon.colcon_core.package_identification:_identify(.) by extension 'python_setup_py'
[0.355s] Level 1:colcon.colcon_core.package_identification:_identify(build) by extensions ['ignore', 'ignore_ament_install']
[0.355s] Level 1:colcon.colcon_core.package_identification:_identify(build) by extension 'ignore'
[0.355s] Level 1:colcon.colcon_core.package_identification:_identify(build) ignored
[0.355s] Level 1:colcon.colcon_core.package_identification:_identify(install) by extensions ['ignore', 'ignore_ament_install']
[0.355s] Level 1:colcon.colcon_core.package_identification:_identify(install) by extension 'ignore'
[0.355s] Level 1:colcon.colcon_core.package_identification:_identify(install) ignored
[0.355s] Level 1:colcon.colcon_core.package_identification:_identify(log) by extensions ['ignore', 'ignore_ament_install']
[0.355s] Level 1:colcon.colcon_core.package_identification:_identify(log) by extension 'ignore'
[0.355s] Level 1:colcon.colcon_core.package_identification:_identify(log) ignored
[0.355s] Level 1:colcon.colcon_core.package_identification:_identify(src) by extensions ['ignore', 'ignore_ament_install']
[0.355s] Level 1:colcon.colcon_core.package_identification:_identify(src) by extension 'ignore'
[0.355s] Level 1:colcon.colcon_core.package_identification:_identify(src) by extension 'ignore_ament_install'
[0.355s] Level 1:colcon.colcon_core.package_identification:_identify(src) by extensions ['colcon_pkg']
[0.355s] Level 1:colcon.colcon_core.package_identification:_identify(src) by extension 'colcon_pkg'
[0.355s] Level 1:colcon.colcon_core.package_identification:_identify(src) by extensions ['colcon_meta']
[0.355s] Level 1:colcon.colcon_core.package_identification:_identify(src) by extension 'colcon_meta'
[0.355s] Level 1:colcon.colcon_core.package_identification:_identify(src) by extensions ['ros']
[0.355s] Level 1:colcon.colcon_core.package_identification:_identify(src) by extension 'ros'
[0.355s] Level 1:colcon.colcon_core.package_identification:_identify(src) by extensions ['cmake', 'python']
[0.355s] Level 1:colcon.colcon_core.package_identification:_identify(src) by extension 'cmake'
[0.355s] Level 1:colcon.colcon_core.package_identification:_identify(src) by extension 'python'
[0.355s] Level 1:colcon.colcon_core.package_identification:_identify(src) by extensions ['python_setup_py']
[0.355s] Level 1:colcon.colcon_core.package_identification:_identify(src) by extension 'python_setup_py'
[0.355s] Level 1:colcon.colcon_core.package_identification:_identify(src/cpp_package) by extensions ['ignore', 'ignore_ament_install']
[0.355s] Level 1:colcon.colcon_core.package_identification:_identify(src/cpp_package) by extension 'ignore'
[0.355s] Level 1:colcon.colcon_core.package_identification:_identify(src/cpp_package) by extension 'ignore_ament_install'
[0.355s] Level 1:colcon.colcon_core.package_identification:_identify(src/cpp_package) by extensions ['colcon_pkg']
[0.355s] Level 1:colcon.colcon_core.package_identification:_identify(src/cpp_package) by extension 'colcon_pkg'
[0.355s] Level 1:colcon.colcon_core.package_identification:_identify(src/cpp_package) by extensions ['colcon_meta']
[0.355s] Level 1:colcon.colcon_core.package_identification:_identify(src/cpp_package) by extension 'colcon_meta'
[0.355s] Level 1:colcon.colcon_core.package_identification:_identify(src/cpp_package) by extensions ['ros']
[0.355s] Level 1:colcon.colcon_core.package_identification:_identify(src/cpp_package) by extension 'ros'
[0.355s] Level 1:colcon.colcon_core.package_identification:_identify(src/cpp_package) by extensions ['cmake', 'python']
[0.355s] Level 1:colcon.colcon_core.package_identification:_identify(src/cpp_package) by extension 'cmake'
[0.355s] Level 1:colcon.colcon_core.package_identification:_identify(src/cpp_package) by extension 'python'
[0.355s] Level 1:colcon.colcon_core.package_identification:_identify(src/cpp_package) by extensions ['python_setup_py']
[0.355s] Level 1:colcon.colcon_core.package_identification:_identify(src/cpp_package) by extension 'python_setup_py'
[0.356s] Level 1:colcon.colcon_core.package_identification:_identify(src/cpp_package/DynamixelSDK) by extensions ['ignore', 'ignore_ament_install']
[0.356s] Level 1:colcon.colcon_core.package_identification:_identify(src/cpp_package/DynamixelSDK) by extension 'ignore'
[0.356s] Level 1:colcon.colcon_core.package_identification:_identify(src/cpp_package/DynamixelSDK) by extension 'ignore_ament_install'
[0.356s] Level 1:colcon.colcon_core.package_identification:_identify(src/cpp_package/DynamixelSDK) by extensions ['colcon_pkg']
[0.356s] Level 1:colcon.colcon_core.package_identification:_identify(src/cpp_package/DynamixelSDK) by extension 'colcon_pkg'
[0.356s] Level 1:colcon.colcon_core.package_identification:_identify(src/cpp_package/DynamixelSDK) by extensions ['colcon_meta']
[0.356s] Level 1:colcon.colcon_core.package_identification:_identify(src/cpp_package/DynamixelSDK) by extension 'colcon_meta'
[0.356s] Level 1:colcon.colcon_core.package_identification:_identify(src/cpp_package/DynamixelSDK) by extensions ['ros']
[0.356s] Level 1:colcon.colcon_core.package_identification:_identify(src/cpp_package/DynamixelSDK) by extension 'ros'
[0.356s] Level 1:colcon.colcon_core.package_identification:_identify(src/cpp_package/DynamixelSDK) by extensions ['cmake', 'python']
[0.356s] Level 1:colcon.colcon_core.package_identification:_identify(src/cpp_package/DynamixelSDK) by extension 'cmake'
[0.356s] Level 1:colcon.colcon_core.package_identification:_identify(src/cpp_package/DynamixelSDK) by extension 'python'
[0.356s] Level 1:colcon.colcon_core.package_identification:_identify(src/cpp_package/DynamixelSDK) by extensions ['python_setup_py']
[0.356s] Level 1:colcon.colcon_core.package_identification:_identify(src/cpp_package/DynamixelSDK) by extension 'python_setup_py'
[0.356s] Level 1:colcon.colcon_core.package_identification:_identify(src/cpp_package/DynamixelSDK/dynamixel_sdk) by extensions ['ignore', 'ignore_ament_install']
[0.356s] Level 1:colcon.colcon_core.package_identification:_identify(src/cpp_package/DynamixelSDK/dynamixel_sdk) by extension 'ignore'
[0.356s] Level 1:colcon.colcon_core.package_identification:_identify(src/cpp_package/DynamixelSDK/dynamixel_sdk) by extension 'ignore_ament_install'
[0.356s] Level 1:colcon.colcon_core.package_identification:_identify(src/cpp_package/DynamixelSDK/dynamixel_sdk) by extensions ['colcon_pkg']
[0.356s] Level 1:colcon.colcon_core.package_identification:_identify(src/cpp_package/DynamixelSDK/dynamixel_sdk) by extension 'colcon_pkg'
[0.356s] Level 1:colcon.colcon_core.package_identification:_identify(src/cpp_package/DynamixelSDK/dynamixel_sdk) by extensions ['colcon_meta']
[0.356s] Level 1:colcon.colcon_core.package_identification:_identify(src/cpp_package/DynamixelSDK/dynamixel_sdk) by extension 'colcon_meta'
[0.356s] Level 1:colcon.colcon_core.package_identification:_identify(src/cpp_package/DynamixelSDK/dynamixel_sdk) by extensions ['ros']
[0.356s] Level 1:colcon.colcon_core.package_identification:_identify(src/cpp_package/DynamixelSDK/dynamixel_sdk) by extension 'ros'
[0.360s] DEBUG:colcon.colcon_core.package_identification:Package 'src/cpp_package/DynamixelSDK/dynamixel_sdk' with type 'ros.ament_cmake' and name 'dynamixel_sdk'
[0.360s] Level 1:colcon.colcon_core.package_identification:_identify(src/cpp_package/DynamixelSDK/dynamixel_sdk_custom_interfaces) by extensions ['ignore', 'ignore_ament_install']
[0.360s] Level 1:colcon.colcon_core.package_identification:_identify(src/cpp_package/DynamixelSDK/dynamixel_sdk_custom_interfaces) by extension 'ignore'
[0.360s] Level 1:colcon.colcon_core.package_identification:_identify(src/cpp_package/DynamixelSDK/dynamixel_sdk_custom_interfaces) by extension 'ignore_ament_install'
[0.360s] Level 1:colcon.colcon_core.package_identification:_identify(src/cpp_package/DynamixelSDK/dynamixel_sdk_custom_interfaces) by extensions ['colcon_pkg']
[0.361s] Level 1:colcon.colcon_core.package_identification:_identify(src/cpp_package/DynamixelSDK/dynamixel_sdk_custom_interfaces) by extension 'colcon_pkg'
[0.361s] Level 1:colcon.colcon_core.package_identification:_identify(src/cpp_package/DynamixelSDK/dynamixel_sdk_custom_interfaces) by extensions ['colcon_meta']
[0.361s] Level 1:colcon.colcon_core.package_identification:_identify(src/cpp_package/DynamixelSDK/dynamixel_sdk_custom_interfaces) by extension 'colcon_meta'
[0.361s] Level 1:colcon.colcon_core.package_identification:_identify(src/cpp_package/DynamixelSDK/dynamixel_sdk_custom_interfaces) by extensions ['ros']
[0.361s] Level 1:colcon.colcon_core.package_identification:_identify(src/cpp_package/DynamixelSDK/dynamixel_sdk_custom_interfaces) by extension 'ros'
[0.361s] DEBUG:colcon.colcon_core.package_identification:Package 'src/cpp_package/DynamixelSDK/dynamixel_sdk_custom_interfaces' with type 'ros.ament_cmake' and name 'dynamixel_sdk_custom_interfaces'
[0.361s] Level 1:colcon.colcon_core.package_identification:_identify(src/cpp_package/DynamixelSDK/dynamixel_sdk_examples) by extensions ['ignore', 'ignore_ament_install']
[0.361s] Level 1:colcon.colcon_core.package_identification:_identify(src/cpp_package/DynamixelSDK/dynamixel_sdk_examples) by extension 'ignore'
[0.361s] Level 1:colcon.colcon_core.package_identification:_identify(src/cpp_package/DynamixelSDK/dynamixel_sdk_examples) by extension 'ignore_ament_install'
[0.361s] Level 1:colcon.colcon_core.package_identification:_identify(src/cpp_package/DynamixelSDK/dynamixel_sdk_examples) by extensions ['colcon_pkg']
[0.361s] Level 1:colcon.colcon_core.package_identification:_identify(src/cpp_package/DynamixelSDK/dynamixel_sdk_examples) by extension 'colcon_pkg'
[0.361s] Level 1:colcon.colcon_core.package_identification:_identify(src/cpp_package/DynamixelSDK/dynamixel_sdk_examples) by extensions ['colcon_meta']
[0.361s] Level 1:colcon.colcon_core.package_identification:_identify(src/cpp_package/DynamixelSDK/dynamixel_sdk_examples) by extension 'colcon_meta'
[0.361s] Level 1:colcon.colcon_core.package_identification:_identify(src/cpp_package/DynamixelSDK/dynamixel_sdk_examples) by extensions ['ros']
[0.361s] Level 1:colcon.colcon_core.package_identification:_identify(src/cpp_package/DynamixelSDK/dynamixel_sdk_examples) by extension 'ros'
[0.362s] DEBUG:colcon.colcon_core.package_identification:Package 'src/cpp_package/DynamixelSDK/dynamixel_sdk_examples' with type 'ros.ament_cmake' and name 'dynamixel_sdk_examples'
[0.362s] Level 1:colcon.colcon_core.package_identification:_identify(src/py_package) by extensions ['ignore', 'ignore_ament_install']
[0.363s] Level 1:colcon.colcon_core.package_identification:_identify(src/py_package) by extension 'ignore'
[0.363s] Level 1:colcon.colcon_core.package_identification:_identify(src/py_package) by extension 'ignore_ament_install'
[0.363s] Level 1:colcon.colcon_core.package_identification:_identify(src/py_package) by extensions ['colcon_pkg']
[0.363s] Level 1:colcon.colcon_core.package_identification:_identify(src/py_package) by extension 'colcon_pkg'
[0.363s] Level 1:colcon.colcon_core.package_identification:_identify(src/py_package) by extensions ['colcon_meta']
[0.363s] Level 1:colcon.colcon_core.package_identification:_identify(src/py_package) by extension 'colcon_meta'
[0.363s] Level 1:colcon.colcon_core.package_identification:_identify(src/py_package) by extensions ['ros']
[0.363s] Level 1:colcon.colcon_core.package_identification:_identify(src/py_package) by extension 'ros'
[0.363s] DEBUG:colcon.colcon_core.package_identification:Package 'src/py_package' with type 'ros.ament_python' and name 'py_package'
[0.363s] Level 1:colcon.colcon_core.package_discovery:discover_packages(recursive) using defaults
[0.363s] Level 1:colcon.colcon_core.package_discovery:discover_packages(ignore) discover
[0.363s] Level 1:colcon.colcon_core.package_discovery:discover_packages(ignore) using defaults
[0.363s] Level 1:colcon.colcon_core.package_discovery:discover_packages(path) discover
[0.364s] Level 1:colcon.colcon_core.package_discovery:discover_packages(path) using defaults
[0.385s] Level 1:colcon.colcon_core.package_discovery:discover_packages(prefix_path) check parameters
[0.385s] Level 1:colcon.colcon_core.package_discovery:discover_packages(prefix_path) discover
[0.388s] DEBUG:colcon.colcon_installed_package_information.package_discovery:Found 10 installed packages in /home/saya/ros2_ws/install
[0.389s] DEBUG:colcon.colcon_installed_package_information.package_discovery:Found 338 installed packages in /opt/ros/humble
[0.396s] Level 1:colcon.colcon_core.package_discovery:discover_packages(prefix_path) using defaults
[0.431s] Level 5:colcon.colcon_core.verb:set package 'dynamixel_sdk' build argument 'cmake_args' from command line to 'None'
[0.431s] Level 5:colcon.colcon_core.verb:set package 'dynamixel_sdk' build argument 'cmake_target' from command line to 'None'
[0.431s] Level 5:colcon.colcon_core.verb:set package 'dynamixel_sdk' build argument 'cmake_target_skip_unavailable' from command line to 'False'
[0.431s] Level 5:colcon.colcon_core.verb:set package 'dynamixel_sdk' build argument 'cmake_clean_cache' from command line to 'False'
[0.431s] Level 5:colcon.colcon_core.verb:set package 'dynamixel_sdk' build argument 'cmake_clean_first' from command line to 'False'
[0.431s] Level 5:colcon.colcon_core.verb:set package 'dynamixel_sdk' build argument 'cmake_force_configure' from command line to 'False'
[0.431s] Level 5:colcon.colcon_core.verb:set package 'dynamixel_sdk' build argument 'ament_cmake_args' from command line to 'None'
[0.431s] Level 5:colcon.colcon_core.verb:set package 'dynamixel_sdk' build argument 'catkin_cmake_args' from command line to 'None'
[0.431s] Level 5:colcon.colcon_core.verb:set package 'dynamixel_sdk' build argument 'catkin_skip_building_tests' from command line to 'False'
[0.431s] DEBUG:colcon.colcon_core.verb:Building package 'dynamixel_sdk' with the following arguments: {'ament_cmake_args': None, 'build_base': '/home/saya/Catchrobo2024/ROS2/build/dynamixel_sdk', 'catkin_cmake_args': None, 'catkin_skip_building_tests': False, 'cmake_args': None, 'cmake_clean_cache': False, 'cmake_clean_first': False, 'cmake_force_configure': False, 'cmake_target': None, 'cmake_target_skip_unavailable': False, 'install_base': '/home/saya/Catchrobo2024/ROS2/install/dynamixel_sdk', 'merge_install': False, 'path': '/home/saya/Catchrobo2024/ROS2/src/cpp_package/DynamixelSDK/dynamixel_sdk', 'symlink_install': False, 'test_result_base': None}
[0.431s] Level 5:colcon.colcon_core.verb:set package 'dynamixel_sdk_custom_interfaces' build argument 'cmake_args' from command line to 'None'
[0.431s] Level 5:colcon.colcon_core.verb:set package 'dynamixel_sdk_custom_interfaces' build argument 'cmake_target' from command line to 'None'
[0.431s] Level 5:colcon.colcon_core.verb:set package 'dynamixel_sdk_custom_interfaces' build argument 'cmake_target_skip_unavailable' from command line to 'False'
[0.431s] Level 5:colcon.colcon_core.verb:set package 'dynamixel_sdk_custom_interfaces' build argument 'cmake_clean_cache' from command line to 'False'
[0.431s] Level 5:colcon.colcon_core.verb:set package 'dynamixel_sdk_custom_interfaces' build argument 'cmake_clean_first' from command line to 'False'
[0.431s] Level 5:colcon.colcon_core.verb:set package 'dynamixel_sdk_custom_interfaces' build argument 'cmake_force_configure' from command line to 'False'
[0.431s] Level 5:colcon.colcon_core.verb:set package 'dynamixel_sdk_custom_interfaces' build argument 'ament_cmake_args' from command line to 'None'
[0.431s] Level 5:colcon.colcon_core.verb:set package 'dynamixel_sdk_custom_interfaces' build argument 'catkin_cmake_args' from command line to 'None'
[0.431s] Level 5:colcon.colcon_core.verb:set package 'dynamixel_sdk_custom_interfaces' build argument 'catkin_skip_building_tests' from command line to 'False'
[0.431s] DEBUG:colcon.colcon_core.verb:Building package 'dynamixel_sdk_custom_interfaces' with the following arguments: {'ament_cmake_args': None, 'build_base': '/home/saya/Catchrobo2024/ROS2/build/dynamixel_sdk_custom_interfaces', 'catkin_cmake_args': None, 'catkin_skip_building_tests': False, 'cmake_args': None, 'cmake_clean_cache': False, 'cmake_clean_first': False, 'cmake_force_configure': False, 'cmake_target': None, 'cmake_target_skip_unavailable': False, 'install_base': '/home/saya/Catchrobo2024/ROS2/install/dynamixel_sdk_custom_interfaces', 'merge_install': False, 'path': '/home/saya/Catchrobo2024/ROS2/src/cpp_package/DynamixelSDK/dynamixel_sdk_custom_interfaces', 'symlink_install': False, 'test_result_base': None}
[0.431s] Level 5:colcon.colcon_core.verb:set package 'py_package' build argument 'cmake_args' from command line to 'None'
[0.431s] Level 5:colcon.colcon_core.verb:set package 'py_package' build argument 'cmake_target' from command line to 'None'
[0.431s] Level 5:colcon.colcon_core.verb:set package 'py_package' build argument 'cmake_target_skip_unavailable' from command line to 'False'
[0.431s] Level 5:colcon.colcon_core.verb:set package 'py_package' build argument 'cmake_clean_cache' from command line to 'False'
[0.431s] Level 5:colcon.colcon_core.verb:set package 'py_package' build argument 'cmake_clean_first' from command line to 'False'
[0.431s] Level 5:colcon.colcon_core.verb:set package 'py_package' build argument 'cmake_force_configure' from command line to 'False'
[0.431s] Level 5:colcon.colcon_core.verb:set package 'py_package' build argument 'ament_cmake_args' from command line to 'None'
[0.431s] Level 5:colcon.colcon_core.verb:set package 'py_package' build argument 'catkin_cmake_args' from command line to 'None'
[0.431s] Level 5:colcon.colcon_core.verb:set package 'py_package' build argument 'catkin_skip_building_tests' from command line to 'False'
[0.431s] DEBUG:colcon.colcon_core.verb:Building package 'py_package' with the following arguments: {'ament_cmake_args': None, 'build_base': '/home/saya/Catchrobo2024/ROS2/build/py_package', 'catkin_cmake_args': None, 'catkin_skip_building_tests': False, 'cmake_args': None, 'cmake_clean_cache': False, 'cmake_clean_first': False, 'cmake_force_configure': False, 'cmake_target': None, 'cmake_target_skip_unavailable': False, 'install_base': '/home/saya/Catchrobo2024/ROS2/install/py_package', 'merge_install': False, 'path': '/home/saya/Catchrobo2024/ROS2/src/py_package', 'symlink_install': False, 'test_result_base': None}
[0.432s] Level 5:colcon.colcon_core.verb:set package 'dynamixel_sdk_examples' build argument 'cmake_args' from command line to 'None'
[0.432s] Level 5:colcon.colcon_core.verb:set package 'dynamixel_sdk_examples' build argument 'cmake_target' from command line to 'None'
[0.432s] Level 5:colcon.colcon_core.verb:set package 'dynamixel_sdk_examples' build argument 'cmake_target_skip_unavailable' from command line to 'False'
[0.432s] Level 5:colcon.colcon_core.verb:set package 'dynamixel_sdk_examples' build argument 'cmake_clean_cache' from command line to 'False'
[0.432s] Level 5:colcon.colcon_core.verb:set package 'dynamixel_sdk_examples' build argument 'cmake_clean_first' from command line to 'False'
[0.432s] Level 5:colcon.colcon_core.verb:set package 'dynamixel_sdk_examples' build argument 'cmake_force_configure' from command line to 'False'
[0.432s] Level 5:colcon.colcon_core.verb:set package 'dynamixel_sdk_examples' build argument 'ament_cmake_args' from command line to 'None'
[0.432s] Level 5:colcon.colcon_core.verb:set package 'dynamixel_sdk_examples' build argument 'catkin_cmake_args' from command line to 'None'
[0.432s] Level 5:colcon.colcon_core.verb:set package 'dynamixel_sdk_examples' build argument 'catkin_skip_building_tests' from command line to 'False'
[0.432s] DEBUG:colcon.colcon_core.verb:Building package 'dynamixel_sdk_examples' with the following arguments: {'ament_cmake_args': None, 'build_base': '/home/saya/Catchrobo2024/ROS2/build/dynamixel_sdk_examples', 'catkin_cmake_args': None, 'catkin_skip_building_tests': False, 'cmake_args': None, 'cmake_clean_cache': False, 'cmake_clean_first': False, 'cmake_force_configure': False, 'cmake_target': None, 'cmake_target_skip_unavailable': False, 'install_base': '/home/saya/Catchrobo2024/ROS2/install/dynamixel_sdk_examples', 'merge_install': False, 'path': '/home/saya/Catchrobo2024/ROS2/src/cpp_package/DynamixelSDK/dynamixel_sdk_examples', 'symlink_install': False, 'test_result_base': None}
[0.432s] INFO:colcon.colcon_core.executor:Executing jobs using 'parallel' executor
[0.432s] DEBUG:colcon.colcon_parallel_executor.executor.parallel:run_until_complete
[0.433s] INFO:colcon.colcon_ros.task.ament_cmake.build:Building ROS package in '/home/saya/Catchrobo2024/ROS2/src/cpp_package/DynamixelSDK/dynamixel_sdk' with build type 'ament_cmake'
[0.433s] INFO:colcon.colcon_cmake.task.cmake.build:Building CMake package in '/home/saya/Catchrobo2024/ROS2/src/cpp_package/DynamixelSDK/dynamixel_sdk'
[0.436s] INFO:colcon.colcon_core.plugin_system:Skipping extension 'colcon_core.shell.bat': Not used on non-Windows systems
[0.436s] INFO:colcon.colcon_core.shell:Skip shell extension 'powershell' for command environment: Not usable outside of PowerShell
[0.437s] DEBUG:colcon.colcon_core.shell:Skip shell extension 'dsv' for command environment
[0.439s] INFO:colcon.colcon_ros.task.ament_cmake.build:Building ROS package in '/home/saya/Catchrobo2024/ROS2/src/cpp_package/DynamixelSDK/dynamixel_sdk_custom_interfaces' with build type 'ament_cmake'
[0.439s] INFO:colcon.colcon_cmake.task.cmake.build:Building CMake package in '/home/saya/Catchrobo2024/ROS2/src/cpp_package/DynamixelSDK/dynamixel_sdk_custom_interfaces'
[0.439s] INFO:colcon.colcon_core.shell:Skip shell extension 'powershell' for command environment: Not usable outside of PowerShell
[0.439s] DEBUG:colcon.colcon_core.shell:Skip shell extension 'dsv' for command environment
[0.442s] INFO:colcon.colcon_ros.task.ament_python.build:Building ROS package in '/home/saya/Catchrobo2024/ROS2/src/py_package' with build type 'ament_python'
[0.442s] Level 1:colcon.colcon_core.shell:create_environment_hook('py_package', 'ament_prefix_path')
[0.442s] INFO:colcon.colcon_core.shell:Creating environment hook '/home/saya/Catchrobo2024/ROS2/install/py_package/share/py_package/hook/ament_prefix_path.ps1'
[0.444s] INFO:colcon.colcon_core.shell:Creating environment descriptor '/home/saya/Catchrobo2024/ROS2/install/py_package/share/py_package/hook/ament_prefix_path.dsv'
[0.444s] INFO:colcon.colcon_core.shell:Creating environment hook '/home/saya/Catchrobo2024/ROS2/install/py_package/share/py_package/hook/ament_prefix_path.sh'
[0.445s] INFO:colcon.colcon_core.shell:Skip shell extension 'powershell' for command environment: Not usable outside of PowerShell
[0.446s] DEBUG:colcon.colcon_core.shell:Skip shell extension 'dsv' for command environment
[0.454s] DEBUG:colcon.colcon_core.event_handler.log_command:Invoking command in '/home/saya/Catchrobo2024/ROS2/build/dynamixel_sdk': CMAKE_PREFIX_PATH=${CMAKE_PREFIX_PATH}:/opt/ros/humble /usr/bin/cmake --build /home/saya/Catchrobo2024/ROS2/build/dynamixel_sdk -- -j16 -l16
[0.461s] DEBUG:colcon.colcon_core.event_handler.log_command:Invoking command in '/home/saya/Catchrobo2024/ROS2/build/dynamixel_sdk_custom_interfaces': CMAKE_PREFIX_PATH=${CMAKE_PREFIX_PATH}:/opt/ros/humble /usr/bin/cmake --build /home/saya/Catchrobo2024/ROS2/build/dynamixel_sdk_custom_interfaces -- -j16 -l16
[0.612s] INFO:colcon.colcon_core.task.python.build:Building Python package in '/home/saya/Catchrobo2024/ROS2/src/py_package'
[0.613s] INFO:colcon.colcon_core.shell:Skip shell extension 'powershell' for command environment: Not usable outside of PowerShell
[0.613s] DEBUG:colcon.colcon_core.shell:Skip shell extension 'dsv' for command environment
[0.631s] DEBUG:colcon.colcon_core.event_handler.log_command:Invoked command in '/home/saya/Catchrobo2024/ROS2/build/dynamixel_sdk' returned '0': CMAKE_PREFIX_PATH=${CMAKE_PREFIX_PATH}:/opt/ros/humble /usr/bin/cmake --build /home/saya/Catchrobo2024/ROS2/build/dynamixel_sdk -- -j16 -l16
[0.677s] DEBUG:colcon.colcon_core.event_handler.log_command:Invoking command in '/home/saya/Catchrobo2024/ROS2/build/dynamixel_sdk': CMAKE_PREFIX_PATH=${CMAKE_PREFIX_PATH}:/opt/ros/humble /usr/bin/cmake --install /home/saya/Catchrobo2024/ROS2/build/dynamixel_sdk
[0.693s] Level 1:colcon.colcon_core.environment:create_environment_scripts_only(dynamixel_sdk)
[0.694s] DEBUG:colcon.colcon_core.event_handler.log_command:Invoked command in '/home/saya/Catchrobo2024/ROS2/build/dynamixel_sdk' returned '0': CMAKE_PREFIX_PATH=${CMAKE_PREFIX_PATH}:/opt/ros/humble /usr/bin/cmake --install /home/saya/Catchrobo2024/ROS2/build/dynamixel_sdk
[0.700s] Level 1:colcon.colcon_core.environment:checking '/home/saya/Catchrobo2024/ROS2/install/dynamixel_sdk' for CMake module files
[0.700s] Level 1:colcon.colcon_core.environment:checking '/home/saya/Catchrobo2024/ROS2/install/dynamixel_sdk' for CMake config files
[0.700s] Level 1:colcon.colcon_core.shell:create_environment_hook('dynamixel_sdk', 'cmake_prefix_path')
[0.700s] INFO:colcon.colcon_core.shell:Creating environment hook '/home/saya/Catchrobo2024/ROS2/install/dynamixel_sdk/share/dynamixel_sdk/hook/cmake_prefix_path.ps1'
[0.701s] INFO:colcon.colcon_core.shell:Creating environment descriptor '/home/saya/Catchrobo2024/ROS2/install/dynamixel_sdk/share/dynamixel_sdk/hook/cmake_prefix_path.dsv'
[0.702s] INFO:colcon.colcon_core.shell:Creating environment hook '/home/saya/Catchrobo2024/ROS2/install/dynamixel_sdk/share/dynamixel_sdk/hook/cmake_prefix_path.sh'
[0.702s] Level 1:colcon.colcon_core.environment:checking '/home/saya/Catchrobo2024/ROS2/install/dynamixel_sdk/lib'
[0.702s] Level 1:colcon.colcon_core.shell:create_environment_hook('dynamixel_sdk', 'ld_library_path_lib')
[0.703s] INFO:colcon.colcon_core.shell:Creating environment hook '/home/saya/Catchrobo2024/ROS2/install/dynamixel_sdk/share/dynamixel_sdk/hook/ld_library_path_lib.ps1'
[0.703s] INFO:colcon.colcon_core.shell:Creating environment descriptor '/home/saya/Catchrobo2024/ROS2/install/dynamixel_sdk/share/dynamixel_sdk/hook/ld_library_path_lib.dsv'
[0.703s] INFO:colcon.colcon_core.shell:Creating environment hook '/home/saya/Catchrobo2024/ROS2/install/dynamixel_sdk/share/dynamixel_sdk/hook/ld_library_path_lib.sh'
[0.703s] Level 1:colcon.colcon_core.environment:checking '/home/saya/Catchrobo2024/ROS2/install/dynamixel_sdk/bin'
[0.703s] Level 1:colcon.colcon_core.environment:checking '/home/saya/Catchrobo2024/ROS2/install/dynamixel_sdk/lib/pkgconfig/dynamixel_sdk.pc'
[0.704s] Level 1:colcon.colcon_core.environment:checking '/home/saya/Catchrobo2024/ROS2/install/dynamixel_sdk/lib/python3.10/site-packages'
[0.704s] Level 1:colcon.colcon_core.environment:checking '/home/saya/Catchrobo2024/ROS2/install/dynamixel_sdk/bin'
[0.704s] INFO:colcon.colcon_core.shell:Creating package script '/home/saya/Catchrobo2024/ROS2/install/dynamixel_sdk/share/dynamixel_sdk/package.ps1'
[0.705s] INFO:colcon.colcon_core.shell:Creating package descriptor '/home/saya/Catchrobo2024/ROS2/install/dynamixel_sdk/share/dynamixel_sdk/package.dsv'
[0.705s] INFO:colcon.colcon_core.shell:Creating package script '/home/saya/Catchrobo2024/ROS2/install/dynamixel_sdk/share/dynamixel_sdk/package.sh'
[0.706s] INFO:colcon.colcon_core.shell:Creating package script '/home/saya/Catchrobo2024/ROS2/install/dynamixel_sdk/share/dynamixel_sdk/package.bash'
[0.707s] INFO:colcon.colcon_core.shell:Creating package script '/home/saya/Catchrobo2024/ROS2/install/dynamixel_sdk/share/dynamixel_sdk/package.zsh'
[0.708s] Level 1:colcon.colcon_core.environment:create_file_with_runtime_dependencies(/home/saya/Catchrobo2024/ROS2/install/dynamixel_sdk/share/colcon-core/packages/dynamixel_sdk)
[0.746s] Level 1:colcon.colcon_core.environment:create_environment_scripts_only(dynamixel_sdk)
[0.746s] Level 1:colcon.colcon_core.environment:checking '/home/saya/Catchrobo2024/ROS2/install/dynamixel_sdk' for CMake module files
[0.746s] Level 1:colcon.colcon_core.environment:checking '/home/saya/Catchrobo2024/ROS2/install/dynamixel_sdk' for CMake config files
[0.746s] Level 1:colcon.colcon_core.shell:create_environment_hook('dynamixel_sdk', 'cmake_prefix_path')
[0.747s] INFO:colcon.colcon_core.shell:Creating environment hook '/home/saya/Catchrobo2024/ROS2/install/dynamixel_sdk/share/dynamixel_sdk/hook/cmake_prefix_path.ps1'
[0.747s] INFO:colcon.colcon_core.shell:Creating environment descriptor '/home/saya/Catchrobo2024/ROS2/install/dynamixel_sdk/share/dynamixel_sdk/hook/cmake_prefix_path.dsv'
[0.747s] INFO:colcon.colcon_core.shell:Creating environment hook '/home/saya/Catchrobo2024/ROS2/install/dynamixel_sdk/share/dynamixel_sdk/hook/cmake_prefix_path.sh'
[0.747s] Level 1:colcon.colcon_core.environment:checking '/home/saya/Catchrobo2024/ROS2/install/dynamixel_sdk/lib'
[0.747s] Level 1:colcon.colcon_core.shell:create_environment_hook('dynamixel_sdk', 'ld_library_path_lib')
[0.748s] INFO:colcon.colcon_core.shell:Creating environment hook '/home/saya/Catchrobo2024/ROS2/install/dynamixel_sdk/share/dynamixel_sdk/hook/ld_library_path_lib.ps1'
[0.748s] INFO:colcon.colcon_core.shell:Creating environment descriptor '/home/saya/Catchrobo2024/ROS2/install/dynamixel_sdk/share/dynamixel_sdk/hook/ld_library_path_lib.dsv'
[0.748s] INFO:colcon.colcon_core.shell:Creating environment hook '/home/saya/Catchrobo2024/ROS2/install/dynamixel_sdk/share/dynamixel_sdk/hook/ld_library_path_lib.sh'
[0.748s] Level 1:colcon.colcon_core.environment:checking '/home/saya/Catchrobo2024/ROS2/install/dynamixel_sdk/bin'
[0.748s] Level 1:colcon.colcon_core.environment:checking '/home/saya/Catchrobo2024/ROS2/install/dynamixel_sdk/lib/pkgconfig/dynamixel_sdk.pc'
[0.748s] Level 1:colcon.colcon_core.environment:checking '/home/saya/Catchrobo2024/ROS2/install/dynamixel_sdk/lib/python3.10/site-packages'
[0.749s] Level 1:colcon.colcon_core.environment:checking '/home/saya/Catchrobo2024/ROS2/install/dynamixel_sdk/bin'
[0.749s] INFO:colcon.colcon_core.shell:Creating package script '/home/saya/Catchrobo2024/ROS2/install/dynamixel_sdk/share/dynamixel_sdk/package.ps1'
[0.749s] INFO:colcon.colcon_core.shell:Creating package descriptor '/home/saya/Catchrobo2024/ROS2/install/dynamixel_sdk/share/dynamixel_sdk/package.dsv'
[0.749s] INFO:colcon.colcon_core.shell:Creating package script '/home/saya/Catchrobo2024/ROS2/install/dynamixel_sdk/share/dynamixel_sdk/package.sh'
[0.750s] INFO:colcon.colcon_core.shell:Creating package script '/home/saya/Catchrobo2024/ROS2/install/dynamixel_sdk/share/dynamixel_sdk/package.bash'
[0.750s] INFO:colcon.colcon_core.shell:Creating package script '/home/saya/Catchrobo2024/ROS2/install/dynamixel_sdk/share/dynamixel_sdk/package.zsh'
[0.750s] Level 1:colcon.colcon_core.environment:create_file_with_runtime_dependencies(/home/saya/Catchrobo2024/ROS2/install/dynamixel_sdk/share/colcon-core/packages/dynamixel_sdk)
[0.832s] DEBUG:colcon.colcon_core.event_handler.log_command:Invoked command in '/home/saya/Catchrobo2024/ROS2/build/dynamixel_sdk_custom_interfaces' returned '0': CMAKE_PREFIX_PATH=${CMAKE_PREFIX_PATH}:/opt/ros/humble /usr/bin/cmake --build /home/saya/Catchrobo2024/ROS2/build/dynamixel_sdk_custom_interfaces -- -j16 -l16
[0.896s] DEBUG:colcon.colcon_core.event_handler.log_command:Invoking command in '/home/saya/Catchrobo2024/ROS2/build/dynamixel_sdk_custom_interfaces': CMAKE_PREFIX_PATH=${CMAKE_PREFIX_PATH}:/opt/ros/humble /usr/bin/cmake --install /home/saya/Catchrobo2024/ROS2/build/dynamixel_sdk_custom_interfaces
[1.000s] Level 1:colcon.colcon_core.environment:create_environment_scripts_only(dynamixel_sdk_custom_interfaces)
[1.001s] DEBUG:colcon.colcon_core.event_handler.log_command:Invoked command in '/home/saya/Catchrobo2024/ROS2/build/dynamixel_sdk_custom_interfaces' returned '0': CMAKE_PREFIX_PATH=${CMAKE_PREFIX_PATH}:/opt/ros/humble /usr/bin/cmake --install /home/saya/Catchrobo2024/ROS2/build/dynamixel_sdk_custom_interfaces
[1.001s] Level 1:colcon.colcon_core.environment:checking '/home/saya/Catchrobo2024/ROS2/install/dynamixel_sdk_custom_interfaces' for CMake module files
[1.002s] Level 1:colcon.colcon_core.environment:checking '/home/saya/Catchrobo2024/ROS2/install/dynamixel_sdk_custom_interfaces' for CMake config files
[1.004s] Level 1:colcon.colcon_core.shell:create_environment_hook('dynamixel_sdk_custom_interfaces', 'cmake_prefix_path')
[1.004s] INFO:colcon.colcon_core.shell:Creating environment hook '/home/saya/Catchrobo2024/ROS2/install/dynamixel_sdk_custom_interfaces/share/dynamixel_sdk_custom_interfaces/hook/cmake_prefix_path.ps1'
[1.006s] INFO:colcon.colcon_core.shell:Creating environment descriptor '/home/saya/Catchrobo2024/ROS2/install/dynamixel_sdk_custom_interfaces/share/dynamixel_sdk_custom_interfaces/hook/cmake_prefix_path.dsv'
[1.007s] INFO:colcon.colcon_core.shell:Creating environment hook '/home/saya/Catchrobo2024/ROS2/install/dynamixel_sdk_custom_interfaces/share/dynamixel_sdk_custom_interfaces/hook/cmake_prefix_path.sh'
[1.007s] Level 1:colcon.colcon_core.environment:checking '/home/saya/Catchrobo2024/ROS2/install/dynamixel_sdk_custom_interfaces/lib'
[1.007s] Level 1:colcon.colcon_core.shell:create_environment_hook('dynamixel_sdk_custom_interfaces', 'ld_library_path_lib')
[1.008s] INFO:colcon.colcon_core.shell:Creating environment hook '/home/saya/Catchrobo2024/ROS2/install/dynamixel_sdk_custom_interfaces/share/dynamixel_sdk_custom_interfaces/hook/ld_library_path_lib.ps1'
[1.008s] INFO:colcon.colcon_core.shell:Creating environment descriptor '/home/saya/Catchrobo2024/ROS2/install/dynamixel_sdk_custom_interfaces/share/dynamixel_sdk_custom_interfaces/hook/ld_library_path_lib.dsv'
[1.008s] INFO:colcon.colcon_core.shell:Creating environment hook '/home/saya/Catchrobo2024/ROS2/install/dynamixel_sdk_custom_interfaces/share/dynamixel_sdk_custom_interfaces/hook/ld_library_path_lib.sh'
[1.009s] Level 1:colcon.colcon_core.environment:checking '/home/saya/Catchrobo2024/ROS2/install/dynamixel_sdk_custom_interfaces/bin'
[1.009s] Level 1:colcon.colcon_core.environment:checking '/home/saya/Catchrobo2024/ROS2/install/dynamixel_sdk_custom_interfaces/lib/pkgconfig/dynamixel_sdk_custom_interfaces.pc'
[1.009s] Level 1:colcon.colcon_core.environment:checking '/home/saya/Catchrobo2024/ROS2/install/dynamixel_sdk_custom_interfaces/lib/python3.10/site-packages'
[1.010s] Level 1:colcon.colcon_core.environment:checking '/home/saya/Catchrobo2024/ROS2/install/dynamixel_sdk_custom_interfaces/bin'
[1.010s] INFO:colcon.colcon_core.shell:Creating package script '/home/saya/Catchrobo2024/ROS2/install/dynamixel_sdk_custom_interfaces/share/dynamixel_sdk_custom_interfaces/package.ps1'
[1.011s] INFO:colcon.colcon_core.shell:Creating package descriptor '/home/saya/Catchrobo2024/ROS2/install/dynamixel_sdk_custom_interfaces/share/dynamixel_sdk_custom_interfaces/package.dsv'
[1.011s] INFO:colcon.colcon_core.shell:Creating package script '/home/saya/Catchrobo2024/ROS2/install/dynamixel_sdk_custom_interfaces/share/dynamixel_sdk_custom_interfaces/package.sh'
[1.011s] INFO:colcon.colcon_core.shell:Creating package script '/home/saya/Catchrobo2024/ROS2/install/dynamixel_sdk_custom_interfaces/share/dynamixel_sdk_custom_interfaces/package.bash'
[1.012s] INFO:colcon.colcon_core.shell:Creating package script '/home/saya/Catchrobo2024/ROS2/install/dynamixel_sdk_custom_interfaces/share/dynamixel_sdk_custom_interfaces/package.zsh'
[1.012s] Level 1:colcon.colcon_core.environment:create_file_with_runtime_dependencies(/home/saya/Catchrobo2024/ROS2/install/dynamixel_sdk_custom_interfaces/share/colcon-core/packages/dynamixel_sdk_custom_interfaces)
[1.081s] Level 1:colcon.colcon_core.environment:create_environment_scripts_only(dynamixel_sdk_custom_interfaces)
[1.081s] Level 1:colcon.colcon_core.environment:checking '/home/saya/Catchrobo2024/ROS2/install/dynamixel_sdk_custom_interfaces' for CMake module files
[1.082s] Level 1:colcon.colcon_core.environment:checking '/home/saya/Catchrobo2024/ROS2/install/dynamixel_sdk_custom_interfaces' for CMake config files
[1.082s] Level 1:colcon.colcon_core.shell:create_environment_hook('dynamixel_sdk_custom_interfaces', 'cmake_prefix_path')
[1.082s] INFO:colcon.colcon_core.shell:Creating environment hook '/home/saya/Catchrobo2024/ROS2/install/dynamixel_sdk_custom_interfaces/share/dynamixel_sdk_custom_interfaces/hook/cmake_prefix_path.ps1'
[1.083s] INFO:colcon.colcon_core.shell:Creating environment descriptor '/home/saya/Catchrobo2024/ROS2/install/dynamixel_sdk_custom_interfaces/share/dynamixel_sdk_custom_interfaces/hook/cmake_prefix_path.dsv'
[1.083s] INFO:colcon.colcon_core.shell:Creating environment hook '/home/saya/Catchrobo2024/ROS2/install/dynamixel_sdk_custom_interfaces/share/dynamixel_sdk_custom_interfaces/hook/cmake_prefix_path.sh'
[1.083s] Level 1:colcon.colcon_core.environment:checking '/home/saya/Catchrobo2024/ROS2/install/dynamixel_sdk_custom_interfaces/lib'
[1.083s] Level 1:colcon.colcon_core.shell:create_environment_hook('dynamixel_sdk_custom_interfaces', 'ld_library_path_lib')
[1.084s] INFO:colcon.colcon_core.shell:Creating environment hook '/home/saya/Catchrobo2024/ROS2/install/dynamixel_sdk_custom_interfaces/share/dynamixel_sdk_custom_interfaces/hook/ld_library_path_lib.ps1'
[1.084s] INFO:colcon.colcon_core.shell:Creating environment descriptor '/home/saya/Catchrobo2024/ROS2/install/dynamixel_sdk_custom_interfaces/share/dynamixel_sdk_custom_interfaces/hook/ld_library_path_lib.dsv'
[1.084s] INFO:colcon.colcon_core.shell:Creating environment hook '/home/saya/Catchrobo2024/ROS2/install/dynamixel_sdk_custom_interfaces/share/dynamixel_sdk_custom_interfaces/hook/ld_library_path_lib.sh'
[1.084s] Level 1:colcon.colcon_core.environment:checking '/home/saya/Catchrobo2024/ROS2/install/dynamixel_sdk_custom_interfaces/bin'
[1.084s] Level 1:colcon.colcon_core.environment:checking '/home/saya/Catchrobo2024/ROS2/install/dynamixel_sdk_custom_interfaces/lib/pkgconfig/dynamixel_sdk_custom_interfaces.pc'
[1.084s] Level 1:colcon.colcon_core.environment:checking '/home/saya/Catchrobo2024/ROS2/install/dynamixel_sdk_custom_interfaces/lib/python3.10/site-packages'
[1.085s] Level 1:colcon.colcon_core.environment:checking '/home/saya/Catchrobo2024/ROS2/install/dynamixel_sdk_custom_interfaces/bin'
[1.085s] INFO:colcon.colcon_core.shell:Creating package script '/home/saya/Catchrobo2024/ROS2/install/dynamixel_sdk_custom_interfaces/share/dynamixel_sdk_custom_interfaces/package.ps1'
[1.085s] INFO:colcon.colcon_core.shell:Creating package descriptor '/home/saya/Catchrobo2024/ROS2/install/dynamixel_sdk_custom_interfaces/share/dynamixel_sdk_custom_interfaces/package.dsv'
[1.085s] INFO:colcon.colcon_core.shell:Creating package script '/home/saya/Catchrobo2024/ROS2/install/dynamixel_sdk_custom_interfaces/share/dynamixel_sdk_custom_interfaces/package.sh'
[1.086s] INFO:colcon.colcon_core.shell:Creating package script '/home/saya/Catchrobo2024/ROS2/install/dynamixel_sdk_custom_interfaces/share/dynamixel_sdk_custom_interfaces/package.bash'
[1.086s] INFO:colcon.colcon_core.shell:Creating package script '/home/saya/Catchrobo2024/ROS2/install/dynamixel_sdk_custom_interfaces/share/dynamixel_sdk_custom_interfaces/package.zsh'
[1.086s] Level 1:colcon.colcon_core.environment:create_file_with_runtime_dependencies(/home/saya/Catchrobo2024/ROS2/install/dynamixel_sdk_custom_interfaces/share/colcon-core/packages/dynamixel_sdk_custom_interfaces)
[1.086s] INFO:colcon.colcon_ros.task.ament_cmake.build:Building ROS package in '/home/saya/Catchrobo2024/ROS2/src/cpp_package/DynamixelSDK/dynamixel_sdk_examples' with build type 'ament_cmake'
[1.086s] INFO:colcon.colcon_cmake.task.cmake.build:Building CMake package in '/home/saya/Catchrobo2024/ROS2/src/cpp_package/DynamixelSDK/dynamixel_sdk_examples'
[1.086s] INFO:colcon.colcon_core.shell:Skip shell extension 'powershell' for command environment: Not usable outside of PowerShell
[1.087s] DEBUG:colcon.colcon_core.shell:Skip shell extension 'dsv' for command environment
[1.096s] DEBUG:colcon.colcon_core.event_handler.log_command:Invoking command in '/home/saya/Catchrobo2024/ROS2/src/py_package': PYTHONPATH=/home/saya/Catchrobo2024/ROS2/build/py_package/prefix_override:/home/saya/Catchrobo2024/ROS2/install/py_package/lib/python3.10/site-packages:${PYTHONPATH} /usr/bin/python3 -W ignore:setup.py install is deprecated setup.py egg_info --egg-base ../../build/py_package build --build-base /home/saya/Catchrobo2024/ROS2/build/py_package/build install --record /home/saya/Catchrobo2024/ROS2/build/py_package/install.log --single-version-externally-managed install_data
[1.100s] DEBUG:colcon.colcon_core.event_handler.log_command:Invoking command in '/home/saya/Catchrobo2024/ROS2/build/dynamixel_sdk_examples': AMENT_PREFIX_PATH=/home/saya/Catchrobo2024/ROS2/install/dynamixel_sdk_custom_interfaces:/home/saya/Catchrobo2024/ROS2/install/dynamixel_sdk:${AMENT_PREFIX_PATH} CMAKE_PREFIX_PATH=/home/saya/Catchrobo2024/ROS2/install/dynamixel_sdk_custom_interfaces:/home/saya/Catchrobo2024/ROS2/install/dynamixel_sdk:/home/saya/ros2_ws/install/polygon_plugins:/home/saya/ros2_ws/install/polygon_base:/home/saya/ros2_ws/install/more_interfaces:/home/saya/ros2_ws/install/cpp_topic_pubsub:/home/saya/ros2_ws/install/cpp_srvcli:/home/saya/ros2_ws/install/cpp_server_client:/home/saya/ros2_ws/install/cpp_pubsub:/home/saya/ros2_ws/install/cpp_parameters:/home/saya/ros2_ws/install/bag_recorder_nodes:/home/saya/ros2_ws/install/action_tutorials_cpp:/opt/ros/humble LD_LIBRARY_PATH=/home/saya/Catchrobo2024/ROS2/install/dynamixel_sdk_custom_interfaces/lib:/home/saya/Catchrobo2024/ROS2/install/dynamixel_sdk/lib:${LD_LIBRARY_PATH} PYTHONPATH=/home/saya/Catchrobo2024/ROS2/install/dynamixel_sdk_custom_interfaces/local/lib/python3.10/dist-packages:${PYTHONPATH} /usr/bin/cmake --build /home/saya/Catchrobo2024/ROS2/build/dynamixel_sdk_examples -- -j16 -l16
[1.280s] Level 1:colcon.colcon_core.environment:checking '/home/saya/Catchrobo2024/ROS2/install/py_package' for CMake module files
[1.280s] DEBUG:colcon.colcon_core.event_handler.log_command:Invoked command in '/home/saya/Catchrobo2024/ROS2/src/py_package' returned '0': PYTHONPATH=/home/saya/Catchrobo2024/ROS2/build/py_package/prefix_override:/home/saya/Catchrobo2024/ROS2/install/py_package/lib/python3.10/site-packages:${PYTHONPATH} /usr/bin/python3 -W ignore:setup.py install is deprecated setup.py egg_info --egg-base ../../build/py_package build --build-base /home/saya/Catchrobo2024/ROS2/build/py_package/build install --record /home/saya/Catchrobo2024/ROS2/build/py_package/install.log --single-version-externally-managed install_data
[1.280s] Level 1:colcon.colcon_core.environment:checking '/home/saya/Catchrobo2024/ROS2/install/py_package' for CMake config files
[1.282s] Level 1:colcon.colcon_core.environment:checking '/home/saya/Catchrobo2024/ROS2/install/py_package/lib'
[1.282s] Level 1:colcon.colcon_core.environment:checking '/home/saya/Catchrobo2024/ROS2/install/py_package/bin'
[1.282s] Level 1:colcon.colcon_core.environment:checking '/home/saya/Catchrobo2024/ROS2/install/py_package/lib/pkgconfig/py_package.pc'
[1.282s] Level 1:colcon.colcon_core.environment:checking '/home/saya/Catchrobo2024/ROS2/install/py_package/lib/python3.10/site-packages'
[1.282s] Level 1:colcon.colcon_core.shell:create_environment_hook('py_package', 'pythonpath')
[1.283s] INFO:colcon.colcon_core.shell:Creating environment hook '/home/saya/Catchrobo2024/ROS2/install/py_package/share/py_package/hook/pythonpath.ps1'
[1.283s] INFO:colcon.colcon_core.shell:Creating environment descriptor '/home/saya/Catchrobo2024/ROS2/install/py_package/share/py_package/hook/pythonpath.dsv'
[1.283s] INFO:colcon.colcon_core.shell:Creating environment hook '/home/saya/Catchrobo2024/ROS2/install/py_package/share/py_package/hook/pythonpath.sh'
[1.283s] Level 1:colcon.colcon_core.environment:checking '/home/saya/Catchrobo2024/ROS2/install/py_package/bin'
[1.283s] Level 1:colcon.colcon_core.environment:create_environment_scripts_only(py_package)
[1.284s] INFO:colcon.colcon_core.shell:Creating package script '/home/saya/Catchrobo2024/ROS2/install/py_package/share/py_package/package.ps1'
[1.284s] INFO:colcon.colcon_core.shell:Creating package descriptor '/home/saya/Catchrobo2024/ROS2/install/py_package/share/py_package/package.dsv'
[1.284s] INFO:colcon.colcon_core.shell:Creating package script '/home/saya/Catchrobo2024/ROS2/install/py_package/share/py_package/package.sh'
[1.284s] INFO:colcon.colcon_core.shell:Creating package script '/home/saya/Catchrobo2024/ROS2/install/py_package/share/py_package/package.bash'
[1.285s] INFO:colcon.colcon_core.shell:Creating package script '/home/saya/Catchrobo2024/ROS2/install/py_package/share/py_package/package.zsh'
[1.285s] Level 1:colcon.colcon_core.environment:create_file_with_runtime_dependencies(/home/saya/Catchrobo2024/ROS2/install/py_package/share/colcon-core/packages/py_package)
[1.565s] DEBUG:colcon.colcon_core.event_handler.log_command:Invoked command in '/home/saya/Catchrobo2024/ROS2/build/dynamixel_sdk_examples' returned '2': AMENT_PREFIX_PATH=/home/saya/Catchrobo2024/ROS2/install/dynamixel_sdk_custom_interfaces:/home/saya/Catchrobo2024/ROS2/install/dynamixel_sdk:${AMENT_PREFIX_PATH} CMAKE_PREFIX_PATH=/home/saya/Catchrobo2024/ROS2/install/dynamixel_sdk_custom_interfaces:/home/saya/Catchrobo2024/ROS2/install/dynamixel_sdk:/home/saya/ros2_ws/install/polygon_plugins:/home/saya/ros2_ws/install/polygon_base:/home/saya/ros2_ws/install/more_interfaces:/home/saya/ros2_ws/install/cpp_topic_pubsub:/home/saya/ros2_ws/install/cpp_srvcli:/home/saya/ros2_ws/install/cpp_server_client:/home/saya/ros2_ws/install/cpp_pubsub:/home/saya/ros2_ws/install/cpp_parameters:/home/saya/ros2_ws/install/bag_recorder_nodes:/home/saya/ros2_ws/install/action_tutorials_cpp:/opt/ros/humble LD_LIBRARY_PATH=/home/saya/Catchrobo2024/ROS2/install/dynamixel_sdk_custom_interfaces/lib:/home/saya/Catchrobo2024/ROS2/install/dynamixel_sdk/lib:${LD_LIBRARY_PATH} PYTHONPATH=/home/saya/Catchrobo2024/ROS2/install/dynamixel_sdk_custom_interfaces/local/lib/python3.10/dist-packages:${PYTHONPATH} /usr/bin/cmake --build /home/saya/Catchrobo2024/ROS2/build/dynamixel_sdk_examples -- -j16 -l16
[1.603s] Level 1:colcon.colcon_core.environment:create_environment_scripts_only(dynamixel_sdk_examples)
[1.604s] Level 1:colcon.colcon_core.environment:checking '/home/saya/Catchrobo2024/ROS2/install/dynamixel_sdk_examples' for CMake module files
[1.606s] Level 1:colcon.colcon_core.environment:checking '/home/saya/Catchrobo2024/ROS2/install/dynamixel_sdk_examples' for CMake config files
[1.606s] Level 1:colcon.colcon_core.shell:create_environment_hook('dynamixel_sdk_examples', 'cmake_prefix_path')
[1.606s] INFO:colcon.colcon_core.shell:Creating environment hook '/home/saya/Catchrobo2024/ROS2/install/dynamixel_sdk_examples/share/dynamixel_sdk_examples/hook/cmake_prefix_path.ps1'
[1.606s] INFO:colcon.colcon_core.shell:Creating environment descriptor '/home/saya/Catchrobo2024/ROS2/install/dynamixel_sdk_examples/share/dynamixel_sdk_examples/hook/cmake_prefix_path.dsv'
[1.607s] INFO:colcon.colcon_core.shell:Creating environment hook '/home/saya/Catchrobo2024/ROS2/install/dynamixel_sdk_examples/share/dynamixel_sdk_examples/hook/cmake_prefix_path.sh'
[1.607s] Level 1:colcon.colcon_core.environment:checking '/home/saya/Catchrobo2024/ROS2/install/dynamixel_sdk_examples/lib'
[1.607s] Level 1:colcon.colcon_core.environment:checking '/home/saya/Catchrobo2024/ROS2/install/dynamixel_sdk_examples/bin'
[1.607s] Level 1:colcon.colcon_core.environment:checking '/home/saya/Catchrobo2024/ROS2/install/dynamixel_sdk_examples/lib/pkgconfig/dynamixel_sdk_examples.pc'
[1.607s] Level 1:colcon.colcon_core.environment:checking '/home/saya/Catchrobo2024/ROS2/install/dynamixel_sdk_examples/lib/python3.10/site-packages'
[1.607s] Level 1:colcon.colcon_core.environment:checking '/home/saya/Catchrobo2024/ROS2/install/dynamixel_sdk_examples/bin'
[1.607s] INFO:colcon.colcon_core.shell:Creating package script '/home/saya/Catchrobo2024/ROS2/install/dynamixel_sdk_examples/share/dynamixel_sdk_examples/package.ps1'
[1.608s] INFO:colcon.colcon_core.shell:Creating package descriptor '/home/saya/Catchrobo2024/ROS2/install/dynamixel_sdk_examples/share/dynamixel_sdk_examples/package.dsv'
[1.608s] INFO:colcon.colcon_core.shell:Creating package script '/home/saya/Catchrobo2024/ROS2/install/dynamixel_sdk_examples/share/dynamixel_sdk_examples/package.sh'
[1.608s] INFO:colcon.colcon_core.shell:Creating package script '/home/saya/Catchrobo2024/ROS2/install/dynamixel_sdk_examples/share/dynamixel_sdk_examples/package.bash'
[1.608s] INFO:colcon.colcon_core.shell:Creating package script '/home/saya/Catchrobo2024/ROS2/install/dynamixel_sdk_examples/share/dynamixel_sdk_examples/package.zsh'
[1.608s] Level 1:colcon.colcon_core.environment:create_file_with_runtime_dependencies(/home/saya/Catchrobo2024/ROS2/install/dynamixel_sdk_examples/share/colcon-core/packages/dynamixel_sdk_examples)
[1.619s] DEBUG:colcon.colcon_parallel_executor.executor.parallel:closing loop
[1.619s] DEBUG:colcon.colcon_parallel_executor.executor.parallel:loop closed
[1.619s] DEBUG:colcon.colcon_parallel_executor.executor.parallel:run_until_complete finished with '2'
[1.619s] DEBUG:colcon.colcon_core.event_reactor:joining thread
[1.626s] INFO:colcon.colcon_core.plugin_system:Skipping extension 'colcon_notification.desktop_notification.terminal_notifier': Not used on non-Darwin systems
[1.626s] INFO:colcon.colcon_core.plugin_system:Skipping extension 'colcon_notification.desktop_notification.win32': Not used on non-Windows systems
[1.626s] INFO:colcon.colcon_notification.desktop_notification:Sending desktop notification using 'notify2'
[1.651s] DEBUG:colcon.colcon_core.event_reactor:joined thread
[1.651s] INFO:colcon.colcon_core.shell:Creating prefix script '/home/saya/Catchrobo2024/ROS2/install/local_setup.ps1'
[1.652s] INFO:colcon.colcon_core.shell:Creating prefix util module '/home/saya/Catchrobo2024/ROS2/install/_local_setup_util_ps1.py'
[1.653s] INFO:colcon.colcon_core.shell:Creating prefix chain script '/home/saya/Catchrobo2024/ROS2/install/setup.ps1'
[1.654s] INFO:colcon.colcon_core.shell:Creating prefix script '/home/saya/Catchrobo2024/ROS2/install/local_setup.sh'
[1.655s] INFO:colcon.colcon_core.shell:Creating prefix util module '/home/saya/Catchrobo2024/ROS2/install/_local_setup_util_sh.py'
[1.655s] INFO:colcon.colcon_core.shell:Creating prefix chain script '/home/saya/Catchrobo2024/ROS2/install/setup.sh'
[1.656s] INFO:colcon.colcon_core.shell:Creating prefix script '/home/saya/Catchrobo2024/ROS2/install/local_setup.bash'
[1.657s] INFO:colcon.colcon_core.shell:Creating prefix chain script '/home/saya/Catchrobo2024/ROS2/install/setup.bash'
[1.658s] INFO:colcon.colcon_core.shell:Creating prefix script '/home/saya/Catchrobo2024/ROS2/install/local_setup.zsh'
[1.658s] INFO:colcon.colcon_core.shell:Creating prefix chain script '/home/saya/Catchrobo2024/ROS2/install/setup.zsh'
