[0.010s] Invoking command in '/home/saya/Catchrobo2024/ROS2/build/dynamixel_sdk_examples': CMAKE_PREFIX_PATH=/home/saya/Catchrobo2024/ROS2/install/dynamixel_sdk_custom_interfaces:/home/saya/Catchrobo2024/ROS2/install/dynamixel_sdk:/home/saya/Catchrobo2024/ROS2/install/dynamixel_sdk_examples:/home/saya/ros2_ws/install/polygon_plugins:/home/saya/ros2_ws/install/polygon_base:/home/saya/ros2_ws/install/more_interfaces:/home/saya/ros2_ws/install/cpp_topic_pubsub:/home/saya/ros2_ws/install/cpp_srvcli:/home/saya/ros2_ws/install/cpp_server_client:/home/saya/ros2_ws/install/cpp_pubsub:/home/saya/ros2_ws/install/cpp_parameters:/home/saya/ros2_ws/install/bag_recorder_nodes:/home/saya/ros2_ws/install/action_tutorials_cpp:/home/saya/Catchrobo2024/ROS2/install/py_package:/opt/ros/humble /usr/bin/cmake --build /home/saya/Catchrobo2024/ROS2/build/dynamixel_sdk_examples -- -j16 -l16
[0.029s] -- Found ament_cmake: 1.3.8 (/opt/ros/humble/share/ament_cmake/cmake)
[0.121s] -- Found dynamixel_sdk: 3.7.60 (/home/saya/Catchrobo2024/ROS2/install/dynamixel_sdk/share/dynamixel_sdk/cmake)
[0.122s] -- Found dynamixel_sdk_custom_interfaces: 3.7.60 (/home/saya/Catchrobo2024/ROS2/install/dynamixel_sdk_custom_interfaces/share/dynamixel_sdk_custom_interfaces/cmake)
[0.138s] -- Found rosidl_generator_c: 3.1.5 (/opt/ros/humble/share/rosidl_generator_c/cmake)
[0.140s] -- Found rosidl_adapter: 3.1.5 (/opt/ros/humble/share/rosidl_adapter/cmake)
[0.144s] -- Found rosidl_generator_cpp: 3.1.5 (/opt/ros/humble/share/rosidl_generator_cpp/cmake)
[0.151s] -- Using all available rosidl_typesupport_c: rosidl_typesupport_fastrtps_c;rosidl_typesupport_introspection_c
[0.159s] -- Using all available rosidl_typesupport_cpp: rosidl_typesupport_fastrtps_cpp;rosidl_typesupport_introspection_cpp
[0.190s] -- Found rclcpp: 16.0.8 (/opt/ros/humble/share/rclcpp/cmake)
[0.217s] -- Found rmw_implementation_cmake: 6.1.1 (/opt/ros/humble/share/rmw_implementation_cmake/cmake)
[0.218s] -- Found rmw_fastrtps_cpp: 6.2.6 (/opt/ros/humble/share/rmw_fastrtps_cpp/cmake)
[0.295s] -- Using RMW implementation 'rmw_fastrtps_cpp' as default
[0.390s] -- Found geometry_msgs: 4.2.3 (/opt/ros/humble/share/geometry_msgs/cmake)
[0.416s] -- Found sensor_msgs: 4.2.3 (/opt/ros/humble/share/sensor_msgs/cmake)
[0.470s] -- Configuring incomplete, errors occurred!
[0.470s] See also "/home/saya/Catchrobo2024/ROS2/build/dynamixel_sdk_examples/CMakeFiles/CMakeOutput.log".
[0.470s] [31mCMake Error at /opt/ros/humble/share/ament_cmake_target_dependencies/cmake/ament_target_dependencies.cmake:42 (message):
[0.470s]   ament_target_dependencies() the first argument must be a valid target name
[0.470s] Call Stack (most recent call first):
[0.470s]   CMakeLists.txt:52 (ament_target_dependencies)
[0.470s] 
[0.470s] [0m
[0.474s] gmake: *** [Makefile:390: cmake_check_build_system] Error 1
[0.476s] Invoked command in '/home/saya/Catchrobo2024/ROS2/build/dynamixel_sdk_examples' returned '2': CMAKE_PREFIX_PATH=/home/saya/Catchrobo2024/ROS2/install/dynamixel_sdk_custom_interfaces:/home/saya/Catchrobo2024/ROS2/install/dynamixel_sdk:/home/saya/Catchrobo2024/ROS2/install/dynamixel_sdk_examples:/home/saya/ros2_ws/install/polygon_plugins:/home/saya/ros2_ws/install/polygon_base:/home/saya/ros2_ws/install/more_interfaces:/home/saya/ros2_ws/install/cpp_topic_pubsub:/home/saya/ros2_ws/install/cpp_srvcli:/home/saya/ros2_ws/install/cpp_server_client:/home/saya/ros2_ws/install/cpp_pubsub:/home/saya/ros2_ws/install/cpp_parameters:/home/saya/ros2_ws/install/bag_recorder_nodes:/home/saya/ros2_ws/install/action_tutorials_cpp:/home/saya/Catchrobo2024/ROS2/install/py_package:/opt/ros/humble /usr/bin/cmake --build /home/saya/Catchrobo2024/ROS2/build/dynamixel_sdk_examples -- -j16 -l16
