[0.010s] Invoking command in '/home/saya/Catchrobo2024/ROS2/build/dynamixel_sdk_examples': CMAKE_PREFIX_PATH=/home/saya/Catchrobo2024/ROS2/install/dynamixel_sdk_custom_interfaces:/home/saya/Catchrobo2024/ROS2/install/dynamixel_sdk:/home/saya/Catchrobo2024/ROS2/install/dynamixel_sdk_examples:/home/saya/ros2_ws/install/polygon_plugins:/home/saya/ros2_ws/install/polygon_base:/home/saya/ros2_ws/install/more_interfaces:/home/saya/ros2_ws/install/cpp_topic_pubsub:/home/saya/ros2_ws/install/cpp_srvcli:/home/saya/ros2_ws/install/cpp_server_client:/home/saya/ros2_ws/install/cpp_pubsub:/home/saya/ros2_ws/install/cpp_parameters:/home/saya/ros2_ws/install/bag_recorder_nodes:/home/saya/ros2_ws/install/action_tutorials_cpp:/home/saya/Catchrobo2024/ROS2/install/py_package:/opt/ros/humble /usr/bin/cmake --build /home/saya/Catchrobo2024/ROS2/build/dynamixel_sdk_examples -- -j16 -l16
[0.055s] [ 25%] Built target pub_position_node
[0.058s] [ 50%] Built target pub_velocity_node
[0.058s] [ 87%] Built target read_write_velocity_node
[0.058s] [100%] Built target read_write_position_node
[0.070s] Invoked command in '/home/saya/Catchrobo2024/ROS2/build/dynamixel_sdk_examples' returned '0': CMAKE_PREFIX_PATH=/home/saya/Catchrobo2024/ROS2/install/dynamixel_sdk_custom_interfaces:/home/saya/Catchrobo2024/ROS2/install/dynamixel_sdk:/home/saya/Catchrobo2024/ROS2/install/dynamixel_sdk_examples:/home/saya/ros2_ws/install/polygon_plugins:/home/saya/ros2_ws/install/polygon_base:/home/saya/ros2_ws/install/more_interfaces:/home/saya/ros2_ws/install/cpp_topic_pubsub:/home/saya/ros2_ws/install/cpp_srvcli:/home/saya/ros2_ws/install/cpp_server_client:/home/saya/ros2_ws/install/cpp_pubsub:/home/saya/ros2_ws/install/cpp_parameters:/home/saya/ros2_ws/install/bag_recorder_nodes:/home/saya/ros2_ws/install/action_tutorials_cpp:/home/saya/Catchrobo2024/ROS2/install/py_package:/opt/ros/humble /usr/bin/cmake --build /home/saya/Catchrobo2024/ROS2/build/dynamixel_sdk_examples -- -j16 -l16
[0.102s] Invoking command in '/home/saya/Catchrobo2024/ROS2/build/dynamixel_sdk_examples': CMAKE_PREFIX_PATH=/home/saya/Catchrobo2024/ROS2/install/dynamixel_sdk_custom_interfaces:/home/saya/Catchrobo2024/ROS2/install/dynamixel_sdk:/home/saya/Catchrobo2024/ROS2/install/dynamixel_sdk_examples:/home/saya/ros2_ws/install/polygon_plugins:/home/saya/ros2_ws/install/polygon_base:/home/saya/ros2_ws/install/more_interfaces:/home/saya/ros2_ws/install/cpp_topic_pubsub:/home/saya/ros2_ws/install/cpp_srvcli:/home/saya/ros2_ws/install/cpp_server_client:/home/saya/ros2_ws/install/cpp_pubsub:/home/saya/ros2_ws/install/cpp_parameters:/home/saya/ros2_ws/install/bag_recorder_nodes:/home/saya/ros2_ws/install/action_tutorials_cpp:/home/saya/Catchrobo2024/ROS2/install/py_package:/opt/ros/humble /usr/bin/cmake --install /home/saya/Catchrobo2024/ROS2/build/dynamixel_sdk_examples
[0.107s] -- Install configuration: ""
[0.107s] -- Up-to-date: /home/saya/Catchrobo2024/ROS2/install/dynamixel_sdk_examples/lib/dynamixel_sdk_examples/read_write_velocity_node
[0.107s] -- Up-to-date: /home/saya/Catchrobo2024/ROS2/install/dynamixel_sdk_examples/lib/dynamixel_sdk_examples/pub_velocity_node
[0.107s] -- Up-to-date: /home/saya/Catchrobo2024/ROS2/install/dynamixel_sdk_examples/lib/dynamixel_sdk_examples/read_write_position_node
[0.107s] -- Up-to-date: /home/saya/Catchrobo2024/ROS2/install/dynamixel_sdk_examples/lib/dynamixel_sdk_examples/pub_position_node
[0.107s] -- Up-to-date: /home/saya/Catchrobo2024/ROS2/install/dynamixel_sdk_examples/share/ament_index/resource_index/package_run_dependencies/dynamixel_sdk_examples
[0.107s] -- Up-to-date: /home/saya/Catchrobo2024/ROS2/install/dynamixel_sdk_examples/share/ament_index/resource_index/parent_prefix_path/dynamixel_sdk_examples
[0.107s] -- Up-to-date: /home/saya/Catchrobo2024/ROS2/install/dynamixel_sdk_examples/share/dynamixel_sdk_examples/environment/ament_prefix_path.sh
[0.107s] -- Up-to-date: /home/saya/Catchrobo2024/ROS2/install/dynamixel_sdk_examples/share/dynamixel_sdk_examples/environment/ament_prefix_path.dsv
[0.107s] -- Up-to-date: /home/saya/Catchrobo2024/ROS2/install/dynamixel_sdk_examples/share/dynamixel_sdk_examples/environment/path.sh
[0.108s] -- Up-to-date: /home/saya/Catchrobo2024/ROS2/install/dynamixel_sdk_examples/share/dynamixel_sdk_examples/environment/path.dsv
[0.108s] -- Up-to-date: /home/saya/Catchrobo2024/ROS2/install/dynamixel_sdk_examples/share/dynamixel_sdk_examples/local_setup.bash
[0.108s] -- Up-to-date: /home/saya/Catchrobo2024/ROS2/install/dynamixel_sdk_examples/share/dynamixel_sdk_examples/local_setup.sh
[0.108s] -- Up-to-date: /home/saya/Catchrobo2024/ROS2/install/dynamixel_sdk_examples/share/dynamixel_sdk_examples/local_setup.zsh
[0.108s] -- Up-to-date: /home/saya/Catchrobo2024/ROS2/install/dynamixel_sdk_examples/share/dynamixel_sdk_examples/local_setup.dsv
[0.108s] -- Installing: /home/saya/Catchrobo2024/ROS2/install/dynamixel_sdk_examples/share/dynamixel_sdk_examples/package.dsv
[0.108s] -- Up-to-date: /home/saya/Catchrobo2024/ROS2/install/dynamixel_sdk_examples/share/ament_index/resource_index/packages/dynamixel_sdk_examples
[0.108s] -- Up-to-date: /home/saya/Catchrobo2024/ROS2/install/dynamixel_sdk_examples/share/dynamixel_sdk_examples/cmake/dynamixel_sdk_examplesConfig.cmake
[0.108s] -- Up-to-date: /home/saya/Catchrobo2024/ROS2/install/dynamixel_sdk_examples/share/dynamixel_sdk_examples/cmake/dynamixel_sdk_examplesConfig-version.cmake
[0.108s] -- Up-to-date: /home/saya/Catchrobo2024/ROS2/install/dynamixel_sdk_examples/share/dynamixel_sdk_examples/package.xml
[0.109s] Invoked command in '/home/saya/Catchrobo2024/ROS2/build/dynamixel_sdk_examples' returned '0': CMAKE_PREFIX_PATH=/home/saya/Catchrobo2024/ROS2/install/dynamixel_sdk_custom_interfaces:/home/saya/Catchrobo2024/ROS2/install/dynamixel_sdk:/home/saya/Catchrobo2024/ROS2/install/dynamixel_sdk_examples:/home/saya/ros2_ws/install/polygon_plugins:/home/saya/ros2_ws/install/polygon_base:/home/saya/ros2_ws/install/more_interfaces:/home/saya/ros2_ws/install/cpp_topic_pubsub:/home/saya/ros2_ws/install/cpp_srvcli:/home/saya/ros2_ws/install/cpp_server_client:/home/saya/ros2_ws/install/cpp_pubsub:/home/saya/ros2_ws/install/cpp_parameters:/home/saya/ros2_ws/install/bag_recorder_nodes:/home/saya/ros2_ws/install/action_tutorials_cpp:/home/saya/Catchrobo2024/ROS2/install/py_package:/opt/ros/humble /usr/bin/cmake --install /home/saya/Catchrobo2024/ROS2/build/dynamixel_sdk_examples
